c:\users\samuel\downloads\torcs-git-master\torcs-git-master\src\drivers\berniw\debug\berniw.lib
c:\users\samuel\downloads\torcs-git-master\torcs-git-master\src\drivers\berniw\debug\berniw.exp
c:\users\samuel\downloads\torcs-git-master\torcs-git-master\src\drivers\berniw\debug\berniw.bsc
c:\users\samuel\downloads\torcs-git-master\torcs-git-master\src\drivers\berniw\debug\vc120.pdb
c:\users\samuel\downloads\torcs-git-master\torcs-git-master\src\drivers\berniw\debug\berniw.sbr
c:\users\samuel\downloads\torcs-git-master\torcs-git-master\src\drivers\berniw\debug\mycar.sbr
c:\users\samuel\downloads\torcs-git-master\torcs-git-master\src\drivers\berniw\debug\pathfinder.sbr
c:\users\samuel\downloads\torcs-git-master\torcs-git-master\src\drivers\berniw\debug\spline.sbr
c:\users\samuel\downloads\torcs-git-master\torcs-git-master\src\drivers\berniw\debug\trackdesc.sbr
c:\users\samuel\downloads\torcs-git-master\torcs-git-master\src\drivers\berniw\debug\trackdesc.obj
c:\users\samuel\downloads\torcs-git-master\torcs-git-master\src\drivers\berniw\debug\spline.obj
c:\users\samuel\downloads\torcs-git-master\torcs-git-master\src\drivers\berniw\debug\pathfinder.obj
c:\users\samuel\downloads\torcs-git-master\torcs-git-master\src\drivers\berniw\debug\mycar.obj
c:\users\samuel\downloads\torcs-git-master\torcs-git-master\src\drivers\berniw\debug\berniw.obj
c:\users\samuel\downloads\torcs-git-master\torcs-git-master\src\drivers\berniw\debug\berniw.dll
c:\users\samuel\downloads\torcs-git-master\torcs-git-master\src\drivers\berniw\debug\berniw.map
c:\users\samuel\downloads\torcs-git-master\torcs-git-master\src\drivers\berniw\debug\berniw.pdb
c:\users\samuel\downloads\torcs-git-master\torcs-git-master\src\drivers\berniw\.\debug\berniw.dll
c:\users\samuel\downloads\torcs-git-master\torcs-git-master\src\drivers\berniw\debug\berniw.tlog\berniw.write.1u.tlog
c:\users\samuel\downloads\torcs-git-master\torcs-git-master\src\drivers\berniw\debug\berniw.tlog\bscmake.command.1.tlog
c:\users\samuel\downloads\torcs-git-master\torcs-git-master\src\drivers\berniw\debug\berniw.tlog\bscmake.read.1.tlog
c:\users\samuel\downloads\torcs-git-master\torcs-git-master\src\drivers\berniw\debug\berniw.tlog\bscmake.write.1.tlog
c:\users\samuel\downloads\torcs-git-master\torcs-git-master\src\drivers\berniw\debug\berniw.tlog\cl.command.1.tlog
c:\users\samuel\downloads\torcs-git-master\torcs-git-master\src\drivers\berniw\debug\berniw.tlog\cl.read.1.tlog
c:\users\samuel\downloads\torcs-git-master\torcs-git-master\src\drivers\berniw\debug\berniw.tlog\cl.write.1.tlog
c:\users\samuel\downloads\torcs-git-master\torcs-git-master\src\drivers\berniw\debug\berniw.tlog\link.command.1.tlog
c:\users\samuel\downloads\torcs-git-master\torcs-git-master\src\drivers\berniw\debug\berniw.tlog\link.read.1.tlog
c:\users\samuel\downloads\torcs-git-master\torcs-git-master\src\drivers\berniw\debug\berniw.tlog\link.write.1.tlog
