c:\users\samuel\downloads\torcs-git-master\torcs-git-master\src\libs\txml\debug\txml.bsc
c:\users\samuel\downloads\torcs-git-master\torcs-git-master\src\libs\txml\debug\vc120.pdb
c:\users\samuel\downloads\torcs-git-master\torcs-git-master\src\libs\txml\debug\dllmain.sbr
c:\users\samuel\downloads\torcs-git-master\torcs-git-master\src\libs\txml\debug\gennmtab.sbr
c:\users\samuel\downloads\torcs-git-master\torcs-git-master\src\libs\txml\debug\hashtable.sbr
c:\users\samuel\downloads\torcs-git-master\torcs-git-master\src\libs\txml\debug\xmlparse.sbr
c:\users\samuel\downloads\torcs-git-master\torcs-git-master\src\libs\txml\debug\xmlrole.sbr
c:\users\samuel\downloads\torcs-git-master\torcs-git-master\src\libs\txml\debug\xmltok.sbr
c:\users\samuel\downloads\torcs-git-master\torcs-git-master\src\libs\txml\debug\xmltok.obj
c:\users\samuel\downloads\torcs-git-master\torcs-git-master\src\libs\txml\debug\xmlrole.obj
c:\users\samuel\downloads\torcs-git-master\torcs-git-master\src\libs\txml\debug\xmlparse.obj
c:\users\samuel\downloads\torcs-git-master\torcs-git-master\src\libs\txml\debug\hashtable.obj
c:\users\samuel\downloads\torcs-git-master\torcs-git-master\src\libs\txml\debug\gennmtab.obj
c:\users\samuel\downloads\torcs-git-master\torcs-git-master\src\libs\txml\debug\dllmain.obj
c:\users\samuel\downloads\torcs-git-master\torcs-git-master\src\libs\txml\debug\xml.sbr
c:\users\samuel\downloads\torcs-git-master\torcs-git-master\src\libs\txml\debug\xml.obj
c:\users\samuel\downloads\torcs-git-master\torcs-git-master\src\libs\txml\debug\txml.dll
c:\users\samuel\downloads\torcs-git-master\torcs-git-master\src\libs\txml\debug\txml.map
c:\users\samuel\downloads\torcs-git-master\torcs-git-master\src\libs\txml\debug\txml.pdb
c:\users\samuel\downloads\torcs-git-master\torcs-git-master\src\libs\txml\debug\txml.lib
c:\users\samuel\downloads\torcs-git-master\torcs-git-master\src\libs\txml\debug\txml.exp
c:\users\samuel\downloads\torcs-git-master\torcs-git-master\src\libs\txml\.\debug\txml.dll
c:\users\samuel\downloads\torcs-git-master\torcs-git-master\src\libs\txml\debug\txml.tlog\bscmake.command.1.tlog
c:\users\samuel\downloads\torcs-git-master\torcs-git-master\src\libs\txml\debug\txml.tlog\bscmake.read.1.tlog
c:\users\samuel\downloads\torcs-git-master\torcs-git-master\src\libs\txml\debug\txml.tlog\bscmake.write.1.tlog
c:\users\samuel\downloads\torcs-git-master\torcs-git-master\src\libs\txml\debug\txml.tlog\cl.command.1.tlog
c:\users\samuel\downloads\torcs-git-master\torcs-git-master\src\libs\txml\debug\txml.tlog\cl.read.1.tlog
c:\users\samuel\downloads\torcs-git-master\torcs-git-master\src\libs\txml\debug\txml.tlog\cl.write.1.tlog
c:\users\samuel\downloads\torcs-git-master\torcs-git-master\src\libs\txml\debug\txml.tlog\link.command.1.tlog
c:\users\samuel\downloads\torcs-git-master\torcs-git-master\src\libs\txml\debug\txml.tlog\link.read.1.tlog
c:\users\samuel\downloads\torcs-git-master\torcs-git-master\src\libs\txml\debug\txml.tlog\link.write.1.tlog
c:\users\samuel\downloads\torcs-git-master\torcs-git-master\src\libs\txml\debug\txml.tlog\txml.write.1u.tlog
