c:\users\samuel\documents\faculdademestrado\2ºano\tese\gitrepository\torcsbot\torcs-git-master\torcs-git-master\src\drivers\damned\release\vc120.pdb
c:\users\samuel\documents\faculdademestrado\2ºano\tese\gitrepository\torcsbot\torcs-git-master\torcs-git-master\src\drivers\damned\release\strategy.obj
c:\users\samuel\documents\faculdademestrado\2ºano\tese\gitrepository\torcsbot\torcs-git-master\torcs-git-master\src\drivers\damned\release\spline.obj
c:\users\samuel\documents\faculdademestrado\2ºano\tese\gitrepository\torcsbot\torcs-git-master\torcs-git-master\src\drivers\damned\release\pit.obj
c:\users\samuel\documents\faculdademestrado\2ºano\tese\gitrepository\torcsbot\torcs-git-master\torcs-git-master\src\drivers\damned\release\opponent.obj
c:\users\samuel\documents\faculdademestrado\2ºano\tese\gitrepository\torcsbot\torcs-git-master\torcs-git-master\src\drivers\damned\release\learn.obj
c:\users\samuel\documents\faculdademestrado\2ºano\tese\gitrepository\torcsbot\torcs-git-master\torcs-git-master\src\drivers\damned\release\driver.obj
c:\users\samuel\documents\faculdademestrado\2ºano\tese\gitrepository\torcsbot\torcs-git-master\torcs-git-master\src\drivers\damned\release\damned.obj
c:\users\samuel\documents\faculdademestrado\2ºano\tese\gitrepository\torcsbot\torcs-git-master\torcs-git-master\src\drivers\damned\release\cardata.obj
c:\users\samuel\documents\faculdademestrado\2ºano\tese\gitrepository\torcsbot\torcs-git-master\torcs-git-master\src\drivers\damned\release\damned.lib
c:\users\samuel\documents\faculdademestrado\2ºano\tese\gitrepository\torcsbot\torcs-git-master\torcs-git-master\src\drivers\damned\release\damned.exp
c:\users\samuel\documents\faculdademestrado\2ºano\tese\gitrepository\torcsbot\torcs-git-master\torcs-git-master\src\drivers\damned\release\damned.dll
c:\users\samuel\documents\faculdademestrado\2ºano\tese\gitrepository\torcsbot\torcs-git-master\torcs-git-master\src\drivers\damned\release\damned.map
c:\users\samuel\documents\faculdademestrado\2ºano\tese\gitrepository\torcsbot\torcs-git-master\torcs-git-master\src\drivers\damned\.\release\damned.dll
c:\users\samuel\documents\faculdademestrado\2ºano\tese\gitrepository\torcsbot\torcs-git-master\torcs-git-master\src\drivers\damned\release\damned.tlog\cl.command.1.tlog
c:\users\samuel\documents\faculdademestrado\2ºano\tese\gitrepository\torcsbot\torcs-git-master\torcs-git-master\src\drivers\damned\release\damned.tlog\cl.read.1.tlog
c:\users\samuel\documents\faculdademestrado\2ºano\tese\gitrepository\torcsbot\torcs-git-master\torcs-git-master\src\drivers\damned\release\damned.tlog\cl.write.1.tlog
c:\users\samuel\documents\faculdademestrado\2ºano\tese\gitrepository\torcsbot\torcs-git-master\torcs-git-master\src\drivers\damned\release\damned.tlog\damned.write.1u.tlog
c:\users\samuel\documents\faculdademestrado\2ºano\tese\gitrepository\torcsbot\torcs-git-master\torcs-git-master\src\drivers\damned\release\damned.tlog\link.command.1.tlog
c:\users\samuel\documents\faculdademestrado\2ºano\tese\gitrepository\torcsbot\torcs-git-master\torcs-git-master\src\drivers\damned\release\damned.tlog\link.read.1.tlog
c:\users\samuel\documents\faculdademestrado\2ºano\tese\gitrepository\torcsbot\torcs-git-master\torcs-git-master\src\drivers\damned\release\damned.tlog\link.write.1.tlog
