Build started 25/11/2016 23:41:31.
     1>Project "C:\Users\Samuel\Documents\faculdadeMestrado\2ºano\Tese\GitRepository\TORCSBot\torcs-git-master\torcs-git-master\src\modules\track\track.vcxproj" on node 6 (Rebuild target(s)).
     1>ClCompile:
         C:\Program Files (x86)\Microsoft Visual Studio 12.0\VC\bin\CL.exe /c /I../../../export/include /I../../windows/include /I../../.. /Zi /nologo /W2 /WX- /Od /Oy- /D WIN32 /D _DEBUG /D _WINDOWS /D _USRDLL /D TRACK_EXPORTS /D DEBUG /D DEBUG_OUT /D _VC80_UPGRADE=0x0600 /D _WINDLL /D _MBCS /Gm- /EHsc /RTC1 /MTd /GS /fp:precise /Zc:wchar_t /Zc:forScope /Fo".\Debug/" /Fd".\Debug/vc120.pdb" /FR".\Debug/" /Gd /TP /analyze- /errorReport:prompt track.cpp track3.cpp track4.cpp trackitf.cpp trackutil.cpp
         track.cpp
         track3.cpp
         track4.cpp
         trackitf.cpp
         trackutil.cpp
         Generating Code...
       Link:
         C:\Program Files (x86)\Microsoft Visual Studio 12.0\VC\bin\link.exe /ERRORREPORT:PROMPT /OUT:".\Debug/track.dll" /INCREMENTAL:NO /NOLOGO /LIBPATH:../../../export/libd /LIBPATH:../../windows/lib tgf.lib robottools.lib txml.lib ssg_vs2008_32.lib ul_vs2008_32.lib sg_vs2008_32.lib kernel32.lib user32.lib gdi32.lib winspool.lib comdlg32.lib advapi32.lib shell32.lib ole32.lib oleaut32.lib uuid.lib odbc32.lib odbccp32.lib /NODEFAULTLIB:LIBCMT /DEF:".\track.def" /MANIFEST:NO /DEBUG /PDB:".\Debug/track.pdb" /MAP:".\Debug/track.map" /TLBID:1 /DYNAMICBASE:NO /IMPLIB:".\Debug/track.lib" /MACHINE:X86 /SAFESEH:NO /DLL .\Debug/track.obj
         .\Debug/track3.obj
         .\Debug/track4.obj
         .\Debug/trackitf.obj
         .\Debug/trackutil.obj
            Creating library .\Debug/track.lib and object .\Debug/track.exp
         track.vcxproj -> C:\Users\Samuel\Documents\faculdadeMestrado\2ºano\Tese\GitRepository\TORCSBot\torcs-git-master\torcs-git-master\src\modules\track\.\Debug\track.dll
       BscMake:
         C:\Program Files (x86)\Microsoft Visual Studio 12.0\VC\bin\bscmake.exe /nologo /o".\Debug/track.bsc" .\Debug/track.sbr .\Debug/track3.sbr .\Debug/track4.sbr .\Debug/trackitf.sbr .\Debug/trackutil.sbr
       PostBuildEvent:
         copy C:\Users\Samuel\Documents\faculdadeMestrado\2ºano\Tese\GitRepository\TORCSBot\torcs-git-master\torcs-git-master\src\modules\track\Debug\*.dll C:\Users\Samuel\Documents\faculdadeMestrado\2ºano\Tese\GitRepository\TORCSBot\torcs-git-master\torcs-git-master\runtimed\modules\track
         :VCEnd
         C:\Users\Samuel\Documents\faculdadeMestrado\2ºano\Tese\GitRepository\TORCSBot\torcs-git-master\torcs-git-master\src\modules\track\Debug\track.dll
                 1 file(s) copied.
     1>Done Building Project "C:\Users\Samuel\Documents\faculdadeMestrado\2ºano\Tese\GitRepository\TORCSBot\torcs-git-master\torcs-git-master\src\modules\track\track.vcxproj" (Rebuild target(s)).

Build succeeded.

Time Elapsed 00:00:15.07
