c:\users\samuel\downloads\torcs-git-master\torcs-git-master\src\modules\track\debug\track.bsc
c:\users\samuel\documents\faculdademestrado\2ºano\tese\gitrepository\torcsbot\torcs-git-master\torcs-git-master\src\modules\track\debug\track.bsc
c:\users\samuel\downloads\torcs-git-master\torcs-git-master\src\modules\track\debug\vc120.pdb
c:\users\samuel\downloads\torcs-git-master\torcs-git-master\src\modules\track\debug\track.sbr
c:\users\samuel\downloads\torcs-git-master\torcs-git-master\src\modules\track\debug\track3.sbr
c:\users\samuel\downloads\torcs-git-master\torcs-git-master\src\modules\track\debug\track4.sbr
c:\users\samuel\downloads\torcs-git-master\torcs-git-master\src\modules\track\debug\trackitf.sbr
c:\users\samuel\downloads\torcs-git-master\torcs-git-master\src\modules\track\debug\trackutil.sbr
c:\users\samuel\downloads\torcs-git-master\torcs-git-master\src\modules\track\debug\trackutil.obj
c:\users\samuel\downloads\torcs-git-master\torcs-git-master\src\modules\track\debug\trackitf.obj
c:\users\samuel\downloads\torcs-git-master\torcs-git-master\src\modules\track\debug\track4.obj
c:\users\samuel\downloads\torcs-git-master\torcs-git-master\src\modules\track\debug\track3.obj
c:\users\samuel\downloads\torcs-git-master\torcs-git-master\src\modules\track\debug\track.obj
c:\users\samuel\documents\faculdademestrado\2ºano\tese\gitrepository\torcsbot\torcs-git-master\torcs-git-master\src\modules\track\debug\vc120.pdb
c:\users\samuel\documents\faculdademestrado\2ºano\tese\gitrepository\torcsbot\torcs-git-master\torcs-git-master\src\modules\track\debug\track.sbr
c:\users\samuel\documents\faculdademestrado\2ºano\tese\gitrepository\torcsbot\torcs-git-master\torcs-git-master\src\modules\track\debug\track3.sbr
c:\users\samuel\documents\faculdademestrado\2ºano\tese\gitrepository\torcsbot\torcs-git-master\torcs-git-master\src\modules\track\debug\track4.sbr
c:\users\samuel\documents\faculdademestrado\2ºano\tese\gitrepository\torcsbot\torcs-git-master\torcs-git-master\src\modules\track\debug\trackitf.sbr
c:\users\samuel\documents\faculdademestrado\2ºano\tese\gitrepository\torcsbot\torcs-git-master\torcs-git-master\src\modules\track\debug\trackutil.sbr
c:\users\samuel\documents\faculdademestrado\2ºano\tese\gitrepository\torcsbot\torcs-git-master\torcs-git-master\src\modules\track\debug\trackutil.obj
c:\users\samuel\documents\faculdademestrado\2ºano\tese\gitrepository\torcsbot\torcs-git-master\torcs-git-master\src\modules\track\debug\trackitf.obj
c:\users\samuel\documents\faculdademestrado\2ºano\tese\gitrepository\torcsbot\torcs-git-master\torcs-git-master\src\modules\track\debug\track4.obj
c:\users\samuel\documents\faculdademestrado\2ºano\tese\gitrepository\torcsbot\torcs-git-master\torcs-git-master\src\modules\track\debug\track3.obj
c:\users\samuel\documents\faculdademestrado\2ºano\tese\gitrepository\torcsbot\torcs-git-master\torcs-git-master\src\modules\track\debug\track.obj
c:\users\samuel\downloads\torcs-git-master\torcs-git-master\src\modules\track\debug\track.dll
c:\users\samuel\downloads\torcs-git-master\torcs-git-master\src\modules\track\debug\track.map
c:\users\samuel\downloads\torcs-git-master\torcs-git-master\src\modules\track\debug\track.pdb
c:\users\samuel\documents\faculdademestrado\2ºano\tese\gitrepository\torcsbot\torcs-git-master\torcs-git-master\src\modules\track\debug\track.dll
c:\users\samuel\documents\faculdademestrado\2ºano\tese\gitrepository\torcsbot\torcs-git-master\torcs-git-master\src\modules\track\debug\track.map
c:\users\samuel\documents\faculdademestrado\2ºano\tese\gitrepository\torcsbot\torcs-git-master\torcs-git-master\src\modules\track\debug\track.pdb
c:\users\samuel\downloads\torcs-git-master\torcs-git-master\src\modules\track\debug\track.lib
c:\users\samuel\downloads\torcs-git-master\torcs-git-master\src\modules\track\debug\track.exp
c:\users\samuel\documents\faculdademestrado\2ºano\tese\gitrepository\torcsbot\torcs-git-master\torcs-git-master\src\modules\track\debug\track.lib
c:\users\samuel\documents\faculdademestrado\2ºano\tese\gitrepository\torcsbot\torcs-git-master\torcs-git-master\src\modules\track\debug\track.exp
c:\users\samuel\documents\faculdademestrado\2ºano\tese\gitrepository\torcsbot\torcs-git-master\torcs-git-master\src\modules\track\.\debug\track.dll
c:\users\samuel\documents\faculdademestrado\2ºano\tese\gitrepository\torcsbot\torcs-git-master\torcs-git-master\src\modules\track\debug\track.tlog\bscmake.command.1.tlog
c:\users\samuel\documents\faculdademestrado\2ºano\tese\gitrepository\torcsbot\torcs-git-master\torcs-git-master\src\modules\track\debug\track.tlog\bscmake.read.1.tlog
c:\users\samuel\documents\faculdademestrado\2ºano\tese\gitrepository\torcsbot\torcs-git-master\torcs-git-master\src\modules\track\debug\track.tlog\bscmake.write.1.tlog
c:\users\samuel\documents\faculdademestrado\2ºano\tese\gitrepository\torcsbot\torcs-git-master\torcs-git-master\src\modules\track\debug\track.tlog\cl.command.1.tlog
c:\users\samuel\documents\faculdademestrado\2ºano\tese\gitrepository\torcsbot\torcs-git-master\torcs-git-master\src\modules\track\debug\track.tlog\cl.read.1.tlog
c:\users\samuel\documents\faculdademestrado\2ºano\tese\gitrepository\torcsbot\torcs-git-master\torcs-git-master\src\modules\track\debug\track.tlog\cl.write.1.tlog
c:\users\samuel\documents\faculdademestrado\2ºano\tese\gitrepository\torcsbot\torcs-git-master\torcs-git-master\src\modules\track\debug\track.tlog\link.command.1.tlog
c:\users\samuel\documents\faculdademestrado\2ºano\tese\gitrepository\torcsbot\torcs-git-master\torcs-git-master\src\modules\track\debug\track.tlog\link.read.1.tlog
c:\users\samuel\documents\faculdademestrado\2ºano\tese\gitrepository\torcsbot\torcs-git-master\torcs-git-master\src\modules\track\debug\track.tlog\link.write.1.tlog
c:\users\samuel\documents\faculdademestrado\2ºano\tese\gitrepository\torcsbot\torcs-git-master\torcs-git-master\src\modules\track\debug\track.tlog\track.write.1u.tlog
