Build started 30/11/2016 03:31:44.
     1>Project "C:\Users\Samuel\Documents\faculdadeMestrado\2ºano\Tese\GitRepository\TORCSBot\torcs-git-master\torcs-git-master\src\libs\robottools\robottools.vcxproj" on node 3 (Rebuild target(s)).
     1>ClCompile:
         C:\Program Files (x86)\Microsoft Visual Studio 12.0\VC\bin\CL.exe /c /I../../../export/include /I../../windows/include /I../../.. /Zi /nologo /W2 /WX- /Od /Oy- /D WIN32 /D _DEBUG /D _WINDOWS /D _USRDLL /D ROBOTTOOLS_EXPORTS /D DEBUG /D DEBUG_OUT /D _VC80_UPGRADE=0x0600 /D _WINDLL /D _MBCS /Gm- /EHsc /RTC1 /MTd /GS /fp:precise /Zc:wchar_t /Zc:forScope /Fo".\Debug/" /Fd".\Debug/vc120.pdb" /FR".\Debug\\" /Gd /TP /analyze- /errorReport:prompt rttelem.cpp rttrack.cpp
         rttelem.cpp
         rttrack.cpp
         Generating Code...
       Link:
         C:\Program Files (x86)\Microsoft Visual Studio 12.0\VC\bin\link.exe /ERRORREPORT:PROMPT /OUT:".\Debug/robottools.dll" /INCREMENTAL:NO /NOLOGO /LIBPATH:../../../export/libd /LIBPATH:../../windows/lib tgf.lib sg_vs2008_32.lib ul_vs2008_32.lib kernel32.lib user32.lib gdi32.lib winspool.lib comdlg32.lib advapi32.lib shell32.lib ole32.lib oleaut32.lib uuid.lib odbc32.lib odbccp32.lib /NODEFAULTLIB:LIBCMT /DEF:".\robotools.def" /MANIFEST:NO /DEBUG /PDB:".\Debug/robottools.pdb" /MAP:".\Debug/robottools.map" /TLBID:1 /DYNAMICBASE:NO /IMPLIB:".\Debug/robottools.lib" /MACHINE:X86 /SAFESEH:NO /DLL .\Debug/rttelem.obj
         .\Debug/rttrack.obj
            Creating library .\Debug/robottools.lib and object .\Debug/robottools.exp
         robottools.vcxproj -> C:\Users\Samuel\Documents\faculdadeMestrado\2ºano\Tese\GitRepository\TORCSBot\torcs-git-master\torcs-git-master\src\libs\robottools\.\Debug\robottools.dll
       BscMake:
         C:\Program Files (x86)\Microsoft Visual Studio 12.0\VC\bin\bscmake.exe /nologo /o".\Debug/robottools.bsc" .\Debug\rttelem.sbr .\Debug\rttrack.sbr
       PostBuildEvent:
         copy C:\Users\Samuel\Documents\faculdadeMestrado\2ºano\Tese\GitRepository\TORCSBot\torcs-git-master\torcs-git-master\src\libs\robottools\Debug\*.dll C:\Users\Samuel\Documents\faculdadeMestrado\2ºano\Tese\GitRepository\TORCSBot\torcs-git-master\torcs-git-master\runtimed
         copy C:\Users\Samuel\Documents\faculdadeMestrado\2ºano\Tese\GitRepository\TORCSBot\torcs-git-master\torcs-git-master\src\libs\robottools\Debug\*.lib C:\Users\Samuel\Documents\faculdadeMestrado\2ºano\Tese\GitRepository\TORCSBot\torcs-git-master\torcs-git-master\export\libd
         
         :VCEnd
         C:\Users\Samuel\Documents\faculdadeMestrado\2ºano\Tese\GitRepository\TORCSBot\torcs-git-master\torcs-git-master\src\libs\robottools\Debug\robottools.dll
                 1 file(s) copied.
         C:\Users\Samuel\Documents\faculdadeMestrado\2ºano\Tese\GitRepository\TORCSBot\torcs-git-master\torcs-git-master\src\libs\robottools\Debug\robottools.lib
                 1 file(s) copied.
     1>Done Building Project "C:\Users\Samuel\Documents\faculdadeMestrado\2ºano\Tese\GitRepository\TORCSBot\torcs-git-master\torcs-git-master\src\libs\robottools\robottools.vcxproj" (Rebuild target(s)).

Build succeeded.

Time Elapsed 00:00:03.76
