c:\users\samuel\downloads\torcs-git-master\torcs-git-master\src\libs\robottools\debug\robottools.bsc
c:\users\samuel\downloads\torcs-git-master\torcs-git-master\src\libs\robottools\debug\vc120.pdb
c:\users\samuel\downloads\torcs-git-master\torcs-git-master\src\libs\robottools\debug\rttelem.sbr
c:\users\samuel\downloads\torcs-git-master\torcs-git-master\src\libs\robottools\debug\rttrack.sbr
c:\users\samuel\downloads\torcs-git-master\torcs-git-master\src\libs\robottools\debug\rttrack.obj
c:\users\samuel\downloads\torcs-git-master\torcs-git-master\src\libs\robottools\debug\rttelem.obj
c:\users\samuel\downloads\torcs-git-master\torcs-git-master\src\libs\robottools\debug\robottools.dll
c:\users\samuel\downloads\torcs-git-master\torcs-git-master\src\libs\robottools\debug\robottools.map
c:\users\samuel\downloads\torcs-git-master\torcs-git-master\src\libs\robottools\debug\robottools.pdb
c:\users\samuel\downloads\torcs-git-master\torcs-git-master\src\libs\robottools\debug\robottools.lib
c:\users\samuel\downloads\torcs-git-master\torcs-git-master\src\libs\robottools\debug\robottools.exp
c:\users\samuel\downloads\torcs-git-master\torcs-git-master\src\libs\robottools\.\debug\robottools.dll
c:\users\samuel\downloads\torcs-git-master\torcs-git-master\src\libs\robottools\debug\robottools.tlog\bscmake.command.1.tlog
c:\users\samuel\downloads\torcs-git-master\torcs-git-master\src\libs\robottools\debug\robottools.tlog\bscmake.read.1.tlog
c:\users\samuel\downloads\torcs-git-master\torcs-git-master\src\libs\robottools\debug\robottools.tlog\bscmake.write.1.tlog
c:\users\samuel\downloads\torcs-git-master\torcs-git-master\src\libs\robottools\debug\robottools.tlog\cl.command.1.tlog
c:\users\samuel\downloads\torcs-git-master\torcs-git-master\src\libs\robottools\debug\robottools.tlog\cl.read.1.tlog
c:\users\samuel\downloads\torcs-git-master\torcs-git-master\src\libs\robottools\debug\robottools.tlog\cl.write.1.tlog
c:\users\samuel\downloads\torcs-git-master\torcs-git-master\src\libs\robottools\debug\robottools.tlog\link.command.1.tlog
c:\users\samuel\downloads\torcs-git-master\torcs-git-master\src\libs\robottools\debug\robottools.tlog\link.read.1.tlog
c:\users\samuel\downloads\torcs-git-master\torcs-git-master\src\libs\robottools\debug\robottools.tlog\link.write.1.tlog
c:\users\samuel\downloads\torcs-git-master\torcs-git-master\src\libs\robottools\debug\robottools.tlog\robottools.write.1u.tlog
