c:\users\samuel\documents\faculdademestrado\2ºano\tese\gitrepository\torcsbot\torcs-git-master\torcs-git-master\src\libs\txml\release\txml.bsc
c:\users\samuel\documents\faculdademestrado\2ºano\tese\gitrepository\torcsbot\torcs-git-master\torcs-git-master\src\libs\txml\release\vc120.pdb
c:\users\samuel\documents\faculdademestrado\2ºano\tese\gitrepository\torcsbot\torcs-git-master\torcs-git-master\src\libs\txml\release\dllmain.sbr
c:\users\samuel\documents\faculdademestrado\2ºano\tese\gitrepository\torcsbot\torcs-git-master\torcs-git-master\src\libs\txml\release\gennmtab.sbr
c:\users\samuel\documents\faculdademestrado\2ºano\tese\gitrepository\torcsbot\torcs-git-master\torcs-git-master\src\libs\txml\release\hashtable.sbr
c:\users\samuel\documents\faculdademestrado\2ºano\tese\gitrepository\torcsbot\torcs-git-master\torcs-git-master\src\libs\txml\release\xmlparse.sbr
c:\users\samuel\documents\faculdademestrado\2ºano\tese\gitrepository\torcsbot\torcs-git-master\torcs-git-master\src\libs\txml\release\xmlrole.sbr
c:\users\samuel\documents\faculdademestrado\2ºano\tese\gitrepository\torcsbot\torcs-git-master\torcs-git-master\src\libs\txml\release\xmltok.sbr
c:\users\samuel\documents\faculdademestrado\2ºano\tese\gitrepository\torcsbot\torcs-git-master\torcs-git-master\src\libs\txml\release\xmltok.obj
c:\users\samuel\documents\faculdademestrado\2ºano\tese\gitrepository\torcsbot\torcs-git-master\torcs-git-master\src\libs\txml\release\xmlrole.obj
c:\users\samuel\documents\faculdademestrado\2ºano\tese\gitrepository\torcsbot\torcs-git-master\torcs-git-master\src\libs\txml\release\xmlparse.obj
c:\users\samuel\documents\faculdademestrado\2ºano\tese\gitrepository\torcsbot\torcs-git-master\torcs-git-master\src\libs\txml\release\hashtable.obj
c:\users\samuel\documents\faculdademestrado\2ºano\tese\gitrepository\torcsbot\torcs-git-master\torcs-git-master\src\libs\txml\release\gennmtab.obj
c:\users\samuel\documents\faculdademestrado\2ºano\tese\gitrepository\torcsbot\torcs-git-master\torcs-git-master\src\libs\txml\release\dllmain.obj
c:\users\samuel\documents\faculdademestrado\2ºano\tese\gitrepository\torcsbot\torcs-git-master\torcs-git-master\src\libs\txml\release\xml.sbr
c:\users\samuel\documents\faculdademestrado\2ºano\tese\gitrepository\torcsbot\torcs-git-master\torcs-git-master\src\libs\txml\release\xml.obj
c:\users\samuel\documents\faculdademestrado\2ºano\tese\gitrepository\torcsbot\torcs-git-master\torcs-git-master\src\libs\txml\release\txml.dll
c:\users\samuel\documents\faculdademestrado\2ºano\tese\gitrepository\torcsbot\torcs-git-master\torcs-git-master\src\libs\txml\release\txml.lib
c:\users\samuel\documents\faculdademestrado\2ºano\tese\gitrepository\torcsbot\torcs-git-master\torcs-git-master\src\libs\txml\release\txml.exp
c:\users\samuel\documents\faculdademestrado\2ºano\tese\gitrepository\torcsbot\torcs-git-master\torcs-git-master\src\libs\txml\.\release\txml.dll
c:\users\samuel\documents\faculdademestrado\2ºano\tese\gitrepository\torcsbot\torcs-git-master\torcs-git-master\src\libs\txml\release\txml.tlog\bscmake.command.1.tlog
c:\users\samuel\documents\faculdademestrado\2ºano\tese\gitrepository\torcsbot\torcs-git-master\torcs-git-master\src\libs\txml\release\txml.tlog\bscmake.read.1.tlog
c:\users\samuel\documents\faculdademestrado\2ºano\tese\gitrepository\torcsbot\torcs-git-master\torcs-git-master\src\libs\txml\release\txml.tlog\bscmake.write.1.tlog
c:\users\samuel\documents\faculdademestrado\2ºano\tese\gitrepository\torcsbot\torcs-git-master\torcs-git-master\src\libs\txml\release\txml.tlog\cl.command.1.tlog
c:\users\samuel\documents\faculdademestrado\2ºano\tese\gitrepository\torcsbot\torcs-git-master\torcs-git-master\src\libs\txml\release\txml.tlog\cl.read.1.tlog
c:\users\samuel\documents\faculdademestrado\2ºano\tese\gitrepository\torcsbot\torcs-git-master\torcs-git-master\src\libs\txml\release\txml.tlog\cl.write.1.tlog
c:\users\samuel\documents\faculdademestrado\2ºano\tese\gitrepository\torcsbot\torcs-git-master\torcs-git-master\src\libs\txml\release\txml.tlog\link.command.1.tlog
c:\users\samuel\documents\faculdademestrado\2ºano\tese\gitrepository\torcsbot\torcs-git-master\torcs-git-master\src\libs\txml\release\txml.tlog\link.read.1.tlog
c:\users\samuel\documents\faculdademestrado\2ºano\tese\gitrepository\torcsbot\torcs-git-master\torcs-git-master\src\libs\txml\release\txml.tlog\link.write.1.tlog
c:\users\samuel\documents\faculdademestrado\2ºano\tese\gitrepository\torcsbot\torcs-git-master\torcs-git-master\src\libs\txml\release\txml.tlog\txml.write.1u.tlog
