Build started 23/02/2017 18:56:19.
     1>Project "C:\Users\Samuel\Documents\faculdadeMestrado\2ºano\Tese\GitRepository\TORCSBot\torcs-git-master\torcs-git-master\src\modules\simu\simuv2\simuv2.vcxproj" on node 7 (Rebuild target(s)).
     1>ClCompile:
         C:\Program Files (x86)\Microsoft Visual Studio 12.0\VC\bin\CL.exe /c /I../../../../export/include /I../../../windows/include /I../../../.. /Zi /nologo /W2 /WX- /Od /Oy- /D WIN32 /D _DEBUG /D _WINDOWS /D _USRDLL /D SIMUV2_EXPORTS /D DEBUG /D DEBUG_OUT /D _VC80_UPGRADE=0x0600 /D _WINDLL /D _MBCS /Gm- /EHsc /RTC1 /MTd /GS /fp:precise /Zc:wchar_t /Zc:forScope /Fo".\Debug/" /Fd".\Debug/vc120.pdb" /FR".\Debug\\" /Gd /TP /analyze- /errorReport:prompt aero.cpp axle.cpp brake.cpp car.cpp categories.cpp collide.cpp differential.cpp engine.cpp simu.cpp simuitf.cpp steer.cpp susp.cpp transmission.cpp wheel.cpp
         aero.cpp
         axle.cpp
         brake.cpp
         car.cpp
         categories.cpp
         collide.cpp
         differential.cpp
         engine.cpp
         simu.cpp
         simuitf.cpp
         steer.cpp
         susp.cpp
         transmission.cpp
         wheel.cpp
         Generating Code...
       Link:
         C:\Program Files (x86)\Microsoft Visual Studio 12.0\VC\bin\link.exe /ERRORREPORT:PROMPT /OUT:".\Debug/simuv2.dll" /INCREMENTAL:NO /NOLOGO /LIBPATH:../../../../export/libd /LIBPATH:../../../windows/lib solid.lib tgf.lib robottools.lib sg_vs2008_32.lib ul_vs2008_32.lib kernel32.lib user32.lib gdi32.lib winspool.lib comdlg32.lib advapi32.lib shell32.lib ole32.lib oleaut32.lib uuid.lib odbc32.lib odbccp32.lib /NODEFAULTLIB:LIBCMT /DEF:".\simuv2.def" /MANIFEST:NO /DEBUG /PDB:".\Debug/simuv2.pdb" /MAP:".\Debug/simuv2.map" /TLBID:1 /DYNAMICBASE:NO /IMPLIB:".\Debug/simuv2.lib" /MACHINE:X86 /SAFESEH:NO /DLL .\Debug/aero.obj
         .\Debug/axle.obj
         .\Debug/brake.obj
         .\Debug/car.obj
         .\Debug/categories.obj
         .\Debug/collide.obj
         .\Debug/differential.obj
         .\Debug/engine.obj
         .\Debug/simu.obj
         .\Debug/simuitf.obj
         .\Debug/steer.obj
         .\Debug/susp.obj
         .\Debug/transmission.obj
         .\Debug/wheel.obj
            Creating library .\Debug/simuv2.lib and object .\Debug/simuv2.exp
         simuv2.vcxproj -> C:\Users\Samuel\Documents\faculdadeMestrado\2ºano\Tese\GitRepository\TORCSBot\torcs-git-master\torcs-git-master\src\modules\simu\simuv2\.\Debug\simuv2.dll
       BscMake:
         C:\Program Files (x86)\Microsoft Visual Studio 12.0\VC\bin\bscmake.exe /nologo /o".\Debug/simuv2.bsc" .\Debug\aero.sbr .\Debug\axle.sbr .\Debug\brake.sbr .\Debug\car.sbr .\Debug\categories.sbr .\Debug\collide.sbr .\Debug\differential.sbr .\Debug\engine.sbr .\Debug\simu.sbr .\Debug\simuitf.sbr .\Debug\steer.sbr .\Debug\susp.sbr .\Debug\transmission.sbr .\Debug\wheel.sbr
       PostBuildEvent:
         copy C:\Users\Samuel\Documents\faculdadeMestrado\2ºano\Tese\GitRepository\TORCSBot\torcs-git-master\torcs-git-master\src\modules\simu\simuv2\Debug\*.dll C:\Users\Samuel\Documents\faculdadeMestrado\2ºano\Tese\GitRepository\TORCSBot\torcs-git-master\torcs-git-master\runtimed\modules\simu
         :VCEnd
         C:\Users\Samuel\Documents\faculdadeMestrado\2ºano\Tese\GitRepository\TORCSBot\torcs-git-master\torcs-git-master\src\modules\simu\simuv2\Debug\simuv2.dll
                 1 file(s) copied.
     1>Done Building Project "C:\Users\Samuel\Documents\faculdadeMestrado\2ºano\Tese\GitRepository\TORCSBot\torcs-git-master\torcs-git-master\src\modules\simu\simuv2\simuv2.vcxproj" (Rebuild target(s)).

Build succeeded.

Time Elapsed 00:00:26.43
