c:\users\samuel\downloads\torcs-git-master\torcs-git-master\src\libs\learning\debug\vc120.pdb
c:\users\samuel\downloads\torcs-git-master\torcs-git-master\src\libs\learning\debug\ann.sbr
c:\users\samuel\downloads\torcs-git-master\torcs-git-master\src\libs\learning\debug\ann_policy.sbr
c:\users\samuel\downloads\torcs-git-master\torcs-git-master\src\libs\learning\debug\distribution.sbr
c:\users\samuel\downloads\torcs-git-master\torcs-git-master\src\libs\learning\debug\list.sbr
c:\users\samuel\downloads\torcs-git-master\torcs-git-master\src\libs\learning\debug\mathfunctions.sbr
c:\users\samuel\downloads\torcs-git-master\torcs-git-master\src\libs\learning\debug\policy.sbr
c:\users\samuel\downloads\torcs-git-master\torcs-git-master\src\libs\learning\debug\string_utils.sbr
c:\users\samuel\downloads\torcs-git-master\torcs-git-master\src\libs\learning\debug\string_utils.obj
c:\users\samuel\downloads\torcs-git-master\torcs-git-master\src\libs\learning\debug\policy.obj
c:\users\samuel\downloads\torcs-git-master\torcs-git-master\src\libs\learning\debug\mathfunctions.obj
c:\users\samuel\downloads\torcs-git-master\torcs-git-master\src\libs\learning\debug\list.obj
c:\users\samuel\downloads\torcs-git-master\torcs-git-master\src\libs\learning\debug\distribution.obj
c:\users\samuel\downloads\torcs-git-master\torcs-git-master\src\libs\learning\debug\ann_policy.obj
c:\users\samuel\downloads\torcs-git-master\torcs-git-master\src\libs\learning\debug\ann.obj
c:\users\samuel\downloads\torcs-git-master\torcs-git-master\src\libs\learning\.\debug\learning.dll
c:\users\samuel\downloads\torcs-git-master\torcs-git-master\src\libs\learning\debug\learning.tlog\cl.command.1.tlog
c:\users\samuel\downloads\torcs-git-master\torcs-git-master\src\libs\learning\debug\learning.tlog\cl.read.1.tlog
c:\users\samuel\downloads\torcs-git-master\torcs-git-master\src\libs\learning\debug\learning.tlog\cl.write.1.tlog
c:\users\samuel\downloads\torcs-git-master\torcs-git-master\src\libs\learning\debug\learning.tlog\link.command.1.tlog
c:\users\samuel\downloads\torcs-git-master\torcs-git-master\src\libs\learning\debug\learning.tlog\link.read.1.tlog
c:\users\samuel\downloads\torcs-git-master\torcs-git-master\src\libs\learning\debug\learning.tlog\link.write.1.tlog
