c:\users\samuel\downloads\torcs-git-master\torcs-git-master\src\modules\simu\simuv2\solid-2.0\debug\solid.bsc
c:\users\samuel\downloads\torcs-git-master\torcs-git-master\src\modules\simu\simuv2\solid-2.0\debug\vc120.pdb
c:\users\samuel\downloads\torcs-git-master\torcs-git-master\src\modules\simu\simuv2\solid-2.0\debug\bboxtree.sbr
c:\users\samuel\downloads\torcs-git-master\torcs-git-master\src\modules\simu\simuv2\solid-2.0\debug\box.sbr
c:\users\samuel\downloads\torcs-git-master\torcs-git-master\src\modules\simu\simuv2\solid-2.0\debug\c-api.sbr
c:\users\samuel\downloads\torcs-git-master\torcs-git-master\src\modules\simu\simuv2\solid-2.0\debug\complex.sbr
c:\users\samuel\downloads\torcs-git-master\torcs-git-master\src\modules\simu\simuv2\solid-2.0\debug\cone.sbr
c:\users\samuel\downloads\torcs-git-master\torcs-git-master\src\modules\simu\simuv2\solid-2.0\debug\convex.sbr
c:\users\samuel\downloads\torcs-git-master\torcs-git-master\src\modules\simu\simuv2\solid-2.0\debug\cylinder.sbr
c:\users\samuel\downloads\torcs-git-master\torcs-git-master\src\modules\simu\simuv2\solid-2.0\debug\endpoint.sbr
c:\users\samuel\downloads\torcs-git-master\torcs-git-master\src\modules\simu\simuv2\solid-2.0\debug\object.sbr
c:\users\samuel\downloads\torcs-git-master\torcs-git-master\src\modules\simu\simuv2\solid-2.0\debug\polygon.sbr
c:\users\samuel\downloads\torcs-git-master\torcs-git-master\src\modules\simu\simuv2\solid-2.0\debug\polyhedron.sbr
c:\users\samuel\downloads\torcs-git-master\torcs-git-master\src\modules\simu\simuv2\solid-2.0\debug\response.sbr
c:\users\samuel\downloads\torcs-git-master\torcs-git-master\src\modules\simu\simuv2\solid-2.0\debug\resptable.sbr
c:\users\samuel\downloads\torcs-git-master\torcs-git-master\src\modules\simu\simuv2\solid-2.0\debug\simplex.sbr
c:\users\samuel\downloads\torcs-git-master\torcs-git-master\src\modules\simu\simuv2\solid-2.0\debug\sphere.sbr
c:\users\samuel\downloads\torcs-git-master\torcs-git-master\src\modules\simu\simuv2\solid-2.0\debug\transform.sbr
c:\users\samuel\downloads\torcs-git-master\torcs-git-master\src\modules\simu\simuv2\solid-2.0\debug\transform.obj
c:\users\samuel\downloads\torcs-git-master\torcs-git-master\src\modules\simu\simuv2\solid-2.0\debug\sphere.obj
c:\users\samuel\downloads\torcs-git-master\torcs-git-master\src\modules\simu\simuv2\solid-2.0\debug\simplex.obj
c:\users\samuel\downloads\torcs-git-master\torcs-git-master\src\modules\simu\simuv2\solid-2.0\debug\resptable.obj
c:\users\samuel\downloads\torcs-git-master\torcs-git-master\src\modules\simu\simuv2\solid-2.0\debug\response.obj
c:\users\samuel\downloads\torcs-git-master\torcs-git-master\src\modules\simu\simuv2\solid-2.0\debug\polyhedron.obj
c:\users\samuel\downloads\torcs-git-master\torcs-git-master\src\modules\simu\simuv2\solid-2.0\debug\polygon.obj
c:\users\samuel\downloads\torcs-git-master\torcs-git-master\src\modules\simu\simuv2\solid-2.0\debug\object.obj
c:\users\samuel\downloads\torcs-git-master\torcs-git-master\src\modules\simu\simuv2\solid-2.0\debug\endpoint.obj
c:\users\samuel\downloads\torcs-git-master\torcs-git-master\src\modules\simu\simuv2\solid-2.0\debug\cylinder.obj
c:\users\samuel\downloads\torcs-git-master\torcs-git-master\src\modules\simu\simuv2\solid-2.0\debug\convex.obj
c:\users\samuel\downloads\torcs-git-master\torcs-git-master\src\modules\simu\simuv2\solid-2.0\debug\cone.obj
c:\users\samuel\downloads\torcs-git-master\torcs-git-master\src\modules\simu\simuv2\solid-2.0\debug\complex.obj
c:\users\samuel\downloads\torcs-git-master\torcs-git-master\src\modules\simu\simuv2\solid-2.0\debug\c-api.obj
c:\users\samuel\downloads\torcs-git-master\torcs-git-master\src\modules\simu\simuv2\solid-2.0\debug\box.obj
c:\users\samuel\downloads\torcs-git-master\torcs-git-master\src\modules\simu\simuv2\solid-2.0\debug\bboxtree.obj
c:\users\samuel\downloads\torcs-git-master\torcs-git-master\src\modules\simu\simuv2\solid-2.0\debug\solid.lib
c:\users\samuel\downloads\torcs-git-master\torcs-git-master\src\modules\simu\simuv2\solid-2.0\.\debug\solid.lib
c:\users\samuel\downloads\torcs-git-master\torcs-git-master\src\modules\simu\simuv2\solid-2.0\debug\solid.tlog\bscmake.command.1.tlog
c:\users\samuel\downloads\torcs-git-master\torcs-git-master\src\modules\simu\simuv2\solid-2.0\debug\solid.tlog\bscmake.read.1.tlog
c:\users\samuel\downloads\torcs-git-master\torcs-git-master\src\modules\simu\simuv2\solid-2.0\debug\solid.tlog\bscmake.write.1.tlog
c:\users\samuel\downloads\torcs-git-master\torcs-git-master\src\modules\simu\simuv2\solid-2.0\debug\solid.tlog\cl.command.1.tlog
c:\users\samuel\downloads\torcs-git-master\torcs-git-master\src\modules\simu\simuv2\solid-2.0\debug\solid.tlog\cl.read.1.tlog
c:\users\samuel\downloads\torcs-git-master\torcs-git-master\src\modules\simu\simuv2\solid-2.0\debug\solid.tlog\cl.write.1.tlog
c:\users\samuel\downloads\torcs-git-master\torcs-git-master\src\modules\simu\simuv2\solid-2.0\debug\solid.tlog\lib-link.read.1.tlog
c:\users\samuel\downloads\torcs-git-master\torcs-git-master\src\modules\simu\simuv2\solid-2.0\debug\solid.tlog\lib-link.write.1.tlog
c:\users\samuel\downloads\torcs-git-master\torcs-git-master\src\modules\simu\simuv2\solid-2.0\debug\solid.tlog\lib.command.1.tlog
