c:\users\samuel\downloads\torcs-git-master\torcs-git-master\src\drivers\lliaw\debug\vc120.pdb
c:\users\samuel\downloads\torcs-git-master\torcs-git-master\src\drivers\lliaw\debug\trackdesc.obj
c:\users\samuel\downloads\torcs-git-master\torcs-git-master\src\drivers\lliaw\debug\spline.obj
c:\users\samuel\downloads\torcs-git-master\torcs-git-master\src\drivers\lliaw\debug\pathfinder.obj
c:\users\samuel\downloads\torcs-git-master\torcs-git-master\src\drivers\lliaw\debug\mycar.obj
c:\users\samuel\downloads\torcs-git-master\torcs-git-master\src\drivers\lliaw\debug\lliaw.obj
c:\users\samuel\documents\faculdademestrado\2ºano\tese\gitrepository\torcsbot\torcs-git-master\torcs-git-master\src\drivers\lliaw\debug\vc120.pdb
c:\users\samuel\documents\faculdademestrado\2ºano\tese\gitrepository\torcsbot\torcs-git-master\torcs-git-master\src\drivers\lliaw\debug\trackdesc.obj
c:\users\samuel\documents\faculdademestrado\2ºano\tese\gitrepository\torcsbot\torcs-git-master\torcs-git-master\src\drivers\lliaw\debug\spline.obj
c:\users\samuel\documents\faculdademestrado\2ºano\tese\gitrepository\torcsbot\torcs-git-master\torcs-git-master\src\drivers\lliaw\debug\pathfinder.obj
c:\users\samuel\documents\faculdademestrado\2ºano\tese\gitrepository\torcsbot\torcs-git-master\torcs-git-master\src\drivers\lliaw\debug\mycar.obj
c:\users\samuel\documents\faculdademestrado\2ºano\tese\gitrepository\torcsbot\torcs-git-master\torcs-git-master\src\drivers\lliaw\debug\lliaw.obj
c:\users\samuel\downloads\torcs-git-master\torcs-git-master\src\drivers\lliaw\debug\lliaw.dll
c:\users\samuel\downloads\torcs-git-master\torcs-git-master\src\drivers\lliaw\debug\lliaw.map
c:\users\samuel\downloads\torcs-git-master\torcs-git-master\src\drivers\lliaw\debug\lliaw.pdb
c:\users\samuel\documents\faculdademestrado\2ºano\tese\gitrepository\torcsbot\torcs-git-master\torcs-git-master\src\drivers\lliaw\debug\lliaw.dll
c:\users\samuel\documents\faculdademestrado\2ºano\tese\gitrepository\torcsbot\torcs-git-master\torcs-git-master\src\drivers\lliaw\debug\lliaw.map
c:\users\samuel\documents\faculdademestrado\2ºano\tese\gitrepository\torcsbot\torcs-git-master\torcs-git-master\src\drivers\lliaw\debug\lliaw.pdb
c:\users\samuel\downloads\torcs-git-master\torcs-git-master\src\drivers\lliaw\debug\lliaw.lib
c:\users\samuel\downloads\torcs-git-master\torcs-git-master\src\drivers\lliaw\debug\lliaw.exp
c:\users\samuel\documents\faculdademestrado\2ºano\tese\gitrepository\torcsbot\torcs-git-master\torcs-git-master\src\drivers\lliaw\debug\lliaw.lib
c:\users\samuel\documents\faculdademestrado\2ºano\tese\gitrepository\torcsbot\torcs-git-master\torcs-git-master\src\drivers\lliaw\debug\lliaw.exp
c:\users\samuel\documents\faculdademestrado\2ºano\tese\gitrepository\torcsbot\torcs-git-master\torcs-git-master\src\drivers\lliaw\.\debug\lliaw.dll
c:\users\samuel\documents\faculdademestrado\2ºano\tese\gitrepository\torcsbot\torcs-git-master\torcs-git-master\src\drivers\lliaw\debug\lliaw.tlog\cl.command.1.tlog
c:\users\samuel\documents\faculdademestrado\2ºano\tese\gitrepository\torcsbot\torcs-git-master\torcs-git-master\src\drivers\lliaw\debug\lliaw.tlog\cl.read.1.tlog
c:\users\samuel\documents\faculdademestrado\2ºano\tese\gitrepository\torcsbot\torcs-git-master\torcs-git-master\src\drivers\lliaw\debug\lliaw.tlog\cl.write.1.tlog
c:\users\samuel\documents\faculdademestrado\2ºano\tese\gitrepository\torcsbot\torcs-git-master\torcs-git-master\src\drivers\lliaw\debug\lliaw.tlog\link.command.1.tlog
c:\users\samuel\documents\faculdademestrado\2ºano\tese\gitrepository\torcsbot\torcs-git-master\torcs-git-master\src\drivers\lliaw\debug\lliaw.tlog\link.read.1.tlog
c:\users\samuel\documents\faculdademestrado\2ºano\tese\gitrepository\torcsbot\torcs-git-master\torcs-git-master\src\drivers\lliaw\debug\lliaw.tlog\link.write.1.tlog
c:\users\samuel\documents\faculdademestrado\2ºano\tese\gitrepository\torcsbot\torcs-git-master\torcs-git-master\src\drivers\lliaw\debug\lliaw.tlog\lliaw.write.1u.tlog
