c:\users\samuel\downloads\torcs-git-master\torcs-git-master\src\libs\client\debug\client.bsc
c:\users\samuel\downloads\torcs-git-master\torcs-git-master\src\libs\client\debug\vc120.pdb
c:\users\samuel\downloads\torcs-git-master\torcs-git-master\src\libs\client\debug\controlconfig.sbr
c:\users\samuel\downloads\torcs-git-master\torcs-git-master\src\libs\client\debug\driverconfig.sbr
c:\users\samuel\downloads\torcs-git-master\torcs-git-master\src\libs\client\debug\graphconfig.sbr
c:\users\samuel\downloads\torcs-git-master\torcs-git-master\src\libs\client\debug\joystickconfig.sbr
c:\users\samuel\downloads\torcs-git-master\torcs-git-master\src\libs\client\debug\mouseconfig.sbr
c:\users\samuel\downloads\torcs-git-master\torcs-git-master\src\libs\client\debug\openglconfig.sbr
c:\users\samuel\downloads\torcs-git-master\torcs-git-master\src\libs\client\debug\simuconfig.sbr
c:\users\samuel\downloads\torcs-git-master\torcs-git-master\src\libs\client\debug\soundconfig.sbr
c:\users\samuel\downloads\torcs-git-master\torcs-git-master\src\libs\client\debug\musicplayer.sbr
c:\users\samuel\downloads\torcs-git-master\torcs-git-master\src\libs\client\debug\oggsoundstream.sbr
c:\users\samuel\downloads\torcs-git-master\torcs-git-master\src\libs\client\debug\openalmusicplayer.sbr
c:\users\samuel\downloads\torcs-git-master\torcs-git-master\src\libs\client\debug\soundstream.sbr
c:\users\samuel\downloads\torcs-git-master\torcs-git-master\src\libs\client\debug\raceengine.sbr
c:\users\samuel\downloads\torcs-git-master\torcs-git-master\src\libs\client\debug\racegl.sbr
c:\users\samuel\downloads\torcs-git-master\torcs-git-master\src\libs\client\debug\raceinit.sbr
c:\users\samuel\downloads\torcs-git-master\torcs-git-master\src\libs\client\debug\racemain.sbr
c:\users\samuel\downloads\torcs-git-master\torcs-git-master\src\libs\client\debug\racemanmenu.sbr
c:\users\samuel\downloads\torcs-git-master\torcs-git-master\src\libs\client\debug\raceresults.sbr
c:\users\samuel\downloads\torcs-git-master\torcs-git-master\src\libs\client\debug\racestate.sbr
c:\users\samuel\downloads\torcs-git-master\torcs-git-master\src\libs\client\debug\singleplayer.sbr
c:\users\samuel\downloads\torcs-git-master\torcs-git-master\src\libs\client\debug\singleplayer.obj
c:\users\samuel\downloads\torcs-git-master\torcs-git-master\src\libs\client\debug\racestate.obj
c:\users\samuel\downloads\torcs-git-master\torcs-git-master\src\libs\client\debug\raceresults.obj
c:\users\samuel\downloads\torcs-git-master\torcs-git-master\src\libs\client\debug\racemanmenu.obj
c:\users\samuel\downloads\torcs-git-master\torcs-git-master\src\libs\client\debug\racemain.obj
c:\users\samuel\downloads\torcs-git-master\torcs-git-master\src\libs\client\debug\raceinit.obj
c:\users\samuel\downloads\torcs-git-master\torcs-git-master\src\libs\client\debug\racegl.obj
c:\users\samuel\downloads\torcs-git-master\torcs-git-master\src\libs\client\debug\raceengine.obj
c:\users\samuel\downloads\torcs-git-master\torcs-git-master\src\libs\client\debug\soundstream.obj
c:\users\samuel\downloads\torcs-git-master\torcs-git-master\src\libs\client\debug\openalmusicplayer.obj
c:\users\samuel\downloads\torcs-git-master\torcs-git-master\src\libs\client\debug\oggsoundstream.obj
c:\users\samuel\downloads\torcs-git-master\torcs-git-master\src\libs\client\debug\musicplayer.obj
c:\users\samuel\downloads\torcs-git-master\torcs-git-master\src\libs\client\debug\soundconfig.obj
c:\users\samuel\downloads\torcs-git-master\torcs-git-master\src\libs\client\debug\simuconfig.obj
c:\users\samuel\downloads\torcs-git-master\torcs-git-master\src\libs\client\debug\openglconfig.obj
c:\users\samuel\downloads\torcs-git-master\torcs-git-master\src\libs\client\debug\mouseconfig.obj
c:\users\samuel\downloads\torcs-git-master\torcs-git-master\src\libs\client\debug\joystickconfig.obj
c:\users\samuel\downloads\torcs-git-master\torcs-git-master\src\libs\client\debug\graphconfig.obj
c:\users\samuel\downloads\torcs-git-master\torcs-git-master\src\libs\client\debug\driverconfig.obj
c:\users\samuel\downloads\torcs-git-master\torcs-git-master\src\libs\client\debug\controlconfig.obj
c:\users\samuel\downloads\torcs-git-master\torcs-git-master\src\libs\client\debug\driverselect.sbr
c:\users\samuel\downloads\torcs-git-master\torcs-git-master\src\libs\client\debug\fileselect.sbr
c:\users\samuel\downloads\torcs-git-master\torcs-git-master\src\libs\client\debug\loadingscreen.sbr
c:\users\samuel\downloads\torcs-git-master\torcs-git-master\src\libs\client\debug\miscscreens.sbr
c:\users\samuel\downloads\torcs-git-master\torcs-git-master\src\libs\client\debug\pitmenu.sbr
c:\users\samuel\downloads\torcs-git-master\torcs-git-master\src\libs\client\debug\racemenu.sbr
c:\users\samuel\downloads\torcs-git-master\torcs-git-master\src\libs\client\debug\results.sbr
c:\users\samuel\downloads\torcs-git-master\torcs-git-master\src\libs\client\debug\trackselect.sbr
c:\users\samuel\downloads\torcs-git-master\torcs-git-master\src\libs\client\debug\control.sbr
c:\users\samuel\downloads\torcs-git-master\torcs-git-master\src\libs\client\debug\glfeatures.sbr
c:\users\samuel\downloads\torcs-git-master\torcs-git-master\src\libs\client\debug\gui.sbr
c:\users\samuel\downloads\torcs-git-master\torcs-git-master\src\libs\client\debug\guibutton.sbr
c:\users\samuel\downloads\torcs-git-master\torcs-git-master\src\libs\client\debug\guiedit.sbr
c:\users\samuel\downloads\torcs-git-master\torcs-git-master\src\libs\client\debug\guifont.sbr
c:\users\samuel\downloads\torcs-git-master\torcs-git-master\src\libs\client\debug\guihelp.sbr
c:\users\samuel\downloads\torcs-git-master\torcs-git-master\src\libs\client\debug\guiimage.sbr
c:\users\samuel\downloads\torcs-git-master\torcs-git-master\src\libs\client\debug\guilabel.sbr
c:\users\samuel\downloads\torcs-git-master\torcs-git-master\src\libs\client\debug\guimenu.sbr
c:\users\samuel\downloads\torcs-git-master\torcs-git-master\src\libs\client\debug\guiobject.sbr
c:\users\samuel\downloads\torcs-git-master\torcs-git-master\src\libs\client\debug\guiscrollbar.sbr
c:\users\samuel\downloads\torcs-git-master\torcs-git-master\src\libs\client\debug\guiscrollbar.obj
c:\users\samuel\downloads\torcs-git-master\torcs-git-master\src\libs\client\debug\guiobject.obj
c:\users\samuel\downloads\torcs-git-master\torcs-git-master\src\libs\client\debug\guimenu.obj
c:\users\samuel\downloads\torcs-git-master\torcs-git-master\src\libs\client\debug\guilabel.obj
c:\users\samuel\downloads\torcs-git-master\torcs-git-master\src\libs\client\debug\guiimage.obj
c:\users\samuel\downloads\torcs-git-master\torcs-git-master\src\libs\client\debug\guihelp.obj
c:\users\samuel\downloads\torcs-git-master\torcs-git-master\src\libs\client\debug\guifont.obj
c:\users\samuel\downloads\torcs-git-master\torcs-git-master\src\libs\client\debug\guiedit.obj
c:\users\samuel\downloads\torcs-git-master\torcs-git-master\src\libs\client\debug\guibutton.obj
c:\users\samuel\downloads\torcs-git-master\torcs-git-master\src\libs\client\debug\gui.obj
c:\users\samuel\downloads\torcs-git-master\torcs-git-master\src\libs\client\debug\glfeatures.obj
c:\users\samuel\downloads\torcs-git-master\torcs-git-master\src\libs\client\debug\control.obj
c:\users\samuel\downloads\torcs-git-master\torcs-git-master\src\libs\client\debug\trackselect.obj
c:\users\samuel\downloads\torcs-git-master\torcs-git-master\src\libs\client\debug\results.obj
c:\users\samuel\downloads\torcs-git-master\torcs-git-master\src\libs\client\debug\racemenu.obj
c:\users\samuel\downloads\torcs-git-master\torcs-git-master\src\libs\client\debug\pitmenu.obj
c:\users\samuel\downloads\torcs-git-master\torcs-git-master\src\libs\client\debug\miscscreens.obj
c:\users\samuel\downloads\torcs-git-master\torcs-git-master\src\libs\client\debug\loadingscreen.obj
c:\users\samuel\downloads\torcs-git-master\torcs-git-master\src\libs\client\debug\fileselect.obj
c:\users\samuel\downloads\torcs-git-master\torcs-git-master\src\libs\client\debug\driverselect.obj
c:\users\samuel\downloads\torcs-git-master\torcs-git-master\src\libs\client\debug\guiscrollist.sbr
c:\users\samuel\downloads\torcs-git-master\torcs-git-master\src\libs\client\debug\img.sbr
c:\users\samuel\downloads\torcs-git-master\torcs-git-master\src\libs\client\debug\screen.sbr
c:\users\samuel\downloads\torcs-git-master\torcs-git-master\src\libs\client\debug\tgfclient.sbr
c:\users\samuel\downloads\torcs-git-master\torcs-git-master\src\libs\client\debug\entry.sbr
c:\users\samuel\downloads\torcs-git-master\torcs-git-master\src\libs\client\debug\exitmenu.sbr
c:\users\samuel\downloads\torcs-git-master\torcs-git-master\src\libs\client\debug\mainmenu.sbr
c:\users\samuel\downloads\torcs-git-master\torcs-git-master\src\libs\client\debug\optionmenu.sbr
c:\users\samuel\downloads\torcs-git-master\torcs-git-master\src\libs\client\debug\splash.sbr
c:\users\samuel\downloads\torcs-git-master\torcs-git-master\src\libs\client\debug\splash.obj
c:\users\samuel\downloads\torcs-git-master\torcs-git-master\src\libs\client\debug\optionmenu.obj
c:\users\samuel\downloads\torcs-git-master\torcs-git-master\src\libs\client\debug\mainmenu.obj
c:\users\samuel\downloads\torcs-git-master\torcs-git-master\src\libs\client\debug\exitmenu.obj
c:\users\samuel\downloads\torcs-git-master\torcs-git-master\src\libs\client\debug\entry.obj
c:\users\samuel\downloads\torcs-git-master\torcs-git-master\src\libs\client\debug\tgfclient.obj
c:\users\samuel\downloads\torcs-git-master\torcs-git-master\src\libs\client\debug\screen.obj
c:\users\samuel\downloads\torcs-git-master\torcs-git-master\src\libs\client\debug\img.obj
c:\users\samuel\downloads\torcs-git-master\torcs-git-master\src\libs\client\debug\guiscrollist.obj
c:\users\samuel\downloads\torcs-git-master\torcs-git-master\src\libs\client\debug\client.lib
c:\users\samuel\downloads\torcs-git-master\torcs-git-master\src\libs\client\debug\client.exp
c:\users\samuel\downloads\torcs-git-master\torcs-git-master\src\libs\client\debug\client.dll
c:\users\samuel\downloads\torcs-git-master\torcs-git-master\src\libs\client\debug\client.map
c:\users\samuel\downloads\torcs-git-master\torcs-git-master\src\libs\client\debug\client.pdb
c:\users\samuel\downloads\torcs-git-master\torcs-git-master\src\libs\client\.\debug\client.dll
c:\users\samuel\downloads\torcs-git-master\torcs-git-master\src\libs\client\debug\client.tlog\bscmake.command.1.tlog
c:\users\samuel\downloads\torcs-git-master\torcs-git-master\src\libs\client\debug\client.tlog\bscmake.read.1.tlog
c:\users\samuel\downloads\torcs-git-master\torcs-git-master\src\libs\client\debug\client.tlog\bscmake.write.1.tlog
c:\users\samuel\downloads\torcs-git-master\torcs-git-master\src\libs\client\debug\client.tlog\cl.command.1.tlog
c:\users\samuel\downloads\torcs-git-master\torcs-git-master\src\libs\client\debug\client.tlog\cl.read.1.tlog
c:\users\samuel\downloads\torcs-git-master\torcs-git-master\src\libs\client\debug\client.tlog\cl.write.1.tlog
c:\users\samuel\downloads\torcs-git-master\torcs-git-master\src\libs\client\debug\client.tlog\client.write.1u.tlog
c:\users\samuel\downloads\torcs-git-master\torcs-git-master\src\libs\client\debug\client.tlog\link.command.1.tlog
c:\users\samuel\downloads\torcs-git-master\torcs-git-master\src\libs\client\debug\client.tlog\link.read.1.tlog
c:\users\samuel\downloads\torcs-git-master\torcs-git-master\src\libs\client\debug\client.tlog\link.write.1.tlog
