c:\users\samuel\downloads\torcs-git-master\torcs-git-master\src\drivers\inferno2\debug\inferno2.bsc
c:\users\samuel\downloads\torcs-git-master\torcs-git-master\src\drivers\inferno2\debug\vc120.pdb
c:\users\samuel\downloads\torcs-git-master\torcs-git-master\src\drivers\inferno2\debug\common.sbr
c:\users\samuel\downloads\torcs-git-master\torcs-git-master\src\drivers\inferno2\debug\inferno2.sbr
c:\users\samuel\downloads\torcs-git-master\torcs-git-master\src\drivers\inferno2\debug\inferno2.obj
c:\users\samuel\downloads\torcs-git-master\torcs-git-master\src\drivers\inferno2\debug\common.obj
c:\users\samuel\downloads\torcs-git-master\torcs-git-master\src\drivers\inferno2\debug\inferno2.lib
c:\users\samuel\downloads\torcs-git-master\torcs-git-master\src\drivers\inferno2\debug\inferno2.exp
c:\users\samuel\downloads\torcs-git-master\torcs-git-master\src\drivers\inferno2\debug\inferno2.dll
c:\users\samuel\downloads\torcs-git-master\torcs-git-master\src\drivers\inferno2\debug\inferno2.map
c:\users\samuel\downloads\torcs-git-master\torcs-git-master\src\drivers\inferno2\debug\inferno2.pdb
c:\users\samuel\downloads\torcs-git-master\torcs-git-master\src\drivers\inferno2\.\debug\inferno2.dll
c:\users\samuel\downloads\torcs-git-master\torcs-git-master\src\drivers\inferno2\debug\inferno2.tlog\bscmake.command.1.tlog
c:\users\samuel\downloads\torcs-git-master\torcs-git-master\src\drivers\inferno2\debug\inferno2.tlog\bscmake.read.1.tlog
c:\users\samuel\downloads\torcs-git-master\torcs-git-master\src\drivers\inferno2\debug\inferno2.tlog\bscmake.write.1.tlog
c:\users\samuel\downloads\torcs-git-master\torcs-git-master\src\drivers\inferno2\debug\inferno2.tlog\cl.command.1.tlog
c:\users\samuel\downloads\torcs-git-master\torcs-git-master\src\drivers\inferno2\debug\inferno2.tlog\cl.read.1.tlog
c:\users\samuel\downloads\torcs-git-master\torcs-git-master\src\drivers\inferno2\debug\inferno2.tlog\cl.write.1.tlog
c:\users\samuel\downloads\torcs-git-master\torcs-git-master\src\drivers\inferno2\debug\inferno2.tlog\inferno2.write.1u.tlog
c:\users\samuel\downloads\torcs-git-master\torcs-git-master\src\drivers\inferno2\debug\inferno2.tlog\link.command.1.tlog
c:\users\samuel\downloads\torcs-git-master\torcs-git-master\src\drivers\inferno2\debug\inferno2.tlog\link.read.1.tlog
c:\users\samuel\downloads\torcs-git-master\torcs-git-master\src\drivers\inferno2\debug\inferno2.tlog\link.write.1.tlog
