c:\users\samuel\downloads\torcs-git-master\torcs-git-master\src\drivers\berniw3\debug\berniw3.lib
c:\users\samuel\downloads\torcs-git-master\torcs-git-master\src\drivers\berniw3\debug\berniw3.exp
c:\users\samuel\downloads\torcs-git-master\torcs-git-master\src\drivers\berniw3\debug\berniw3.bsc
c:\users\samuel\downloads\torcs-git-master\torcs-git-master\src\drivers\berniw3\debug\vc120.pdb
c:\users\samuel\downloads\torcs-git-master\torcs-git-master\src\drivers\berniw3\debug\berniw3.sbr
c:\users\samuel\downloads\torcs-git-master\torcs-git-master\src\drivers\berniw3\debug\mycar.sbr
c:\users\samuel\downloads\torcs-git-master\torcs-git-master\src\drivers\berniw3\debug\pathfinder.sbr
c:\users\samuel\downloads\torcs-git-master\torcs-git-master\src\drivers\berniw3\debug\spline.sbr
c:\users\samuel\downloads\torcs-git-master\torcs-git-master\src\drivers\berniw3\debug\trackdesc.sbr
c:\users\samuel\downloads\torcs-git-master\torcs-git-master\src\drivers\berniw3\debug\trackdesc.obj
c:\users\samuel\downloads\torcs-git-master\torcs-git-master\src\drivers\berniw3\debug\spline.obj
c:\users\samuel\downloads\torcs-git-master\torcs-git-master\src\drivers\berniw3\debug\pathfinder.obj
c:\users\samuel\downloads\torcs-git-master\torcs-git-master\src\drivers\berniw3\debug\mycar.obj
c:\users\samuel\downloads\torcs-git-master\torcs-git-master\src\drivers\berniw3\debug\berniw3.obj
c:\users\samuel\downloads\torcs-git-master\torcs-git-master\src\drivers\berniw3\debug\berniw3.dll
c:\users\samuel\downloads\torcs-git-master\torcs-git-master\src\drivers\berniw3\debug\berniw3.map
c:\users\samuel\downloads\torcs-git-master\torcs-git-master\src\drivers\berniw3\debug\berniw3.pdb
c:\users\samuel\downloads\torcs-git-master\torcs-git-master\src\drivers\berniw3\.\debug\berniw3.dll
c:\users\samuel\downloads\torcs-git-master\torcs-git-master\src\drivers\berniw3\debug\berniw3.tlog\berniw3.write.1u.tlog
c:\users\samuel\downloads\torcs-git-master\torcs-git-master\src\drivers\berniw3\debug\berniw3.tlog\bscmake.command.1.tlog
c:\users\samuel\downloads\torcs-git-master\torcs-git-master\src\drivers\berniw3\debug\berniw3.tlog\bscmake.read.1.tlog
c:\users\samuel\downloads\torcs-git-master\torcs-git-master\src\drivers\berniw3\debug\berniw3.tlog\bscmake.write.1.tlog
c:\users\samuel\downloads\torcs-git-master\torcs-git-master\src\drivers\berniw3\debug\berniw3.tlog\cl.command.1.tlog
c:\users\samuel\downloads\torcs-git-master\torcs-git-master\src\drivers\berniw3\debug\berniw3.tlog\cl.read.1.tlog
c:\users\samuel\downloads\torcs-git-master\torcs-git-master\src\drivers\berniw3\debug\berniw3.tlog\cl.write.1.tlog
c:\users\samuel\downloads\torcs-git-master\torcs-git-master\src\drivers\berniw3\debug\berniw3.tlog\link.command.1.tlog
c:\users\samuel\downloads\torcs-git-master\torcs-git-master\src\drivers\berniw3\debug\berniw3.tlog\link.read.1.tlog
c:\users\samuel\downloads\torcs-git-master\torcs-git-master\src\drivers\berniw3\debug\berniw3.tlog\link.write.1.tlog
