c:\users\samuel\downloads\torcs-git-master\torcs-git-master\src\modules\graphic\ssggraph\debug\ssggraphlib.bsc
c:\users\samuel\documents\faculdademestrado\2ºano\tese\gitrepository\torcsbot\torcs-git-master\torcs-git-master\src\modules\graphic\ssggraph\debug\ssggraphlib.bsc
c:\users\samuel\downloads\torcs-git-master\torcs-git-master\src\modules\graphic\ssggraph\debug\vc120.pdb
c:\users\samuel\downloads\torcs-git-master\torcs-git-master\src\modules\graphic\ssggraph\debug\carsounddata.sbr
c:\users\samuel\downloads\torcs-git-master\torcs-git-master\src\modules\graphic\ssggraph\debug\grboard.sbr
c:\users\samuel\downloads\torcs-git-master\torcs-git-master\src\modules\graphic\ssggraph\debug\grcam.sbr
c:\users\samuel\downloads\torcs-git-master\torcs-git-master\src\modules\graphic\ssggraph\debug\grcar.sbr
c:\users\samuel\downloads\torcs-git-master\torcs-git-master\src\modules\graphic\ssggraph\debug\grcarlight.sbr
c:\users\samuel\downloads\torcs-git-master\torcs-git-master\src\modules\graphic\ssggraph\debug\grloadac.sbr
c:\users\samuel\downloads\torcs-git-master\torcs-git-master\src\modules\graphic\ssggraph\debug\grmain.sbr
c:\users\samuel\downloads\torcs-git-master\torcs-git-master\src\modules\graphic\ssggraph\debug\grmultitexstate.sbr
c:\users\samuel\downloads\torcs-git-master\torcs-git-master\src\modules\graphic\ssggraph\debug\grscene.sbr
c:\users\samuel\downloads\torcs-git-master\torcs-git-master\src\modules\graphic\ssggraph\debug\grscreen.sbr
c:\users\samuel\downloads\torcs-git-master\torcs-git-master\src\modules\graphic\ssggraph\debug\grshadow.sbr
c:\users\samuel\downloads\torcs-git-master\torcs-git-master\src\modules\graphic\ssggraph\debug\grskidmarks.sbr
c:\users\samuel\downloads\torcs-git-master\torcs-git-master\src\modules\graphic\ssggraph\debug\grsmoke.sbr
c:\users\samuel\downloads\torcs-git-master\torcs-git-master\src\modules\graphic\ssggraph\debug\grsound.sbr
c:\users\samuel\downloads\torcs-git-master\torcs-git-master\src\modules\graphic\ssggraph\debug\grtexture.sbr
c:\users\samuel\downloads\torcs-git-master\torcs-git-master\src\modules\graphic\ssggraph\debug\grtrackmap.sbr
c:\users\samuel\downloads\torcs-git-master\torcs-git-master\src\modules\graphic\ssggraph\debug\grutil.sbr
c:\users\samuel\downloads\torcs-git-master\torcs-git-master\src\modules\graphic\ssggraph\debug\grvtxtable.sbr
c:\users\samuel\downloads\torcs-git-master\torcs-git-master\src\modules\graphic\ssggraph\debug\openalsoundinterface.sbr
c:\users\samuel\downloads\torcs-git-master\torcs-git-master\src\modules\graphic\ssggraph\debug\plibsoundinterface.sbr
c:\users\samuel\downloads\torcs-git-master\torcs-git-master\src\modules\graphic\ssggraph\debug\plibsoundinterface.obj
c:\users\samuel\downloads\torcs-git-master\torcs-git-master\src\modules\graphic\ssggraph\debug\openalsoundinterface.obj
c:\users\samuel\downloads\torcs-git-master\torcs-git-master\src\modules\graphic\ssggraph\debug\grvtxtable.obj
c:\users\samuel\downloads\torcs-git-master\torcs-git-master\src\modules\graphic\ssggraph\debug\grutil.obj
c:\users\samuel\downloads\torcs-git-master\torcs-git-master\src\modules\graphic\ssggraph\debug\grtrackmap.obj
c:\users\samuel\downloads\torcs-git-master\torcs-git-master\src\modules\graphic\ssggraph\debug\grtexture.obj
c:\users\samuel\downloads\torcs-git-master\torcs-git-master\src\modules\graphic\ssggraph\debug\grsound.obj
c:\users\samuel\downloads\torcs-git-master\torcs-git-master\src\modules\graphic\ssggraph\debug\grsmoke.obj
c:\users\samuel\downloads\torcs-git-master\torcs-git-master\src\modules\graphic\ssggraph\debug\grskidmarks.obj
c:\users\samuel\downloads\torcs-git-master\torcs-git-master\src\modules\graphic\ssggraph\debug\grshadow.obj
c:\users\samuel\downloads\torcs-git-master\torcs-git-master\src\modules\graphic\ssggraph\debug\grscreen.obj
c:\users\samuel\downloads\torcs-git-master\torcs-git-master\src\modules\graphic\ssggraph\debug\grscene.obj
c:\users\samuel\downloads\torcs-git-master\torcs-git-master\src\modules\graphic\ssggraph\debug\grmultitexstate.obj
c:\users\samuel\downloads\torcs-git-master\torcs-git-master\src\modules\graphic\ssggraph\debug\grmain.obj
c:\users\samuel\downloads\torcs-git-master\torcs-git-master\src\modules\graphic\ssggraph\debug\grloadac.obj
c:\users\samuel\downloads\torcs-git-master\torcs-git-master\src\modules\graphic\ssggraph\debug\grcarlight.obj
c:\users\samuel\downloads\torcs-git-master\torcs-git-master\src\modules\graphic\ssggraph\debug\grcar.obj
c:\users\samuel\downloads\torcs-git-master\torcs-git-master\src\modules\graphic\ssggraph\debug\grcam.obj
c:\users\samuel\downloads\torcs-git-master\torcs-git-master\src\modules\graphic\ssggraph\debug\grboard.obj
c:\users\samuel\downloads\torcs-git-master\torcs-git-master\src\modules\graphic\ssggraph\debug\carsounddata.obj
c:\users\samuel\downloads\torcs-git-master\torcs-git-master\src\modules\graphic\ssggraph\debug\soundinterface.sbr
c:\users\samuel\downloads\torcs-git-master\torcs-git-master\src\modules\graphic\ssggraph\debug\ssggraph.sbr
c:\users\samuel\downloads\torcs-git-master\torcs-git-master\src\modules\graphic\ssggraph\debug\torcssound.sbr
c:\users\samuel\downloads\torcs-git-master\torcs-git-master\src\modules\graphic\ssggraph\debug\torcssound.obj
c:\users\samuel\downloads\torcs-git-master\torcs-git-master\src\modules\graphic\ssggraph\debug\ssggraph.obj
c:\users\samuel\downloads\torcs-git-master\torcs-git-master\src\modules\graphic\ssggraph\debug\soundinterface.obj
c:\users\samuel\documents\faculdademestrado\2ºano\tese\gitrepository\torcsbot\torcs-git-master\torcs-git-master\src\modules\graphic\ssggraph\debug\vc120.pdb
c:\users\samuel\documents\faculdademestrado\2ºano\tese\gitrepository\torcsbot\torcs-git-master\torcs-git-master\src\modules\graphic\ssggraph\debug\carsounddata.sbr
c:\users\samuel\documents\faculdademestrado\2ºano\tese\gitrepository\torcsbot\torcs-git-master\torcs-git-master\src\modules\graphic\ssggraph\debug\grboard.sbr
c:\users\samuel\documents\faculdademestrado\2ºano\tese\gitrepository\torcsbot\torcs-git-master\torcs-git-master\src\modules\graphic\ssggraph\debug\grcam.sbr
c:\users\samuel\documents\faculdademestrado\2ºano\tese\gitrepository\torcsbot\torcs-git-master\torcs-git-master\src\modules\graphic\ssggraph\debug\grcar.sbr
c:\users\samuel\documents\faculdademestrado\2ºano\tese\gitrepository\torcsbot\torcs-git-master\torcs-git-master\src\modules\graphic\ssggraph\debug\grcarlight.sbr
c:\users\samuel\documents\faculdademestrado\2ºano\tese\gitrepository\torcsbot\torcs-git-master\torcs-git-master\src\modules\graphic\ssggraph\debug\grloadac.sbr
c:\users\samuel\documents\faculdademestrado\2ºano\tese\gitrepository\torcsbot\torcs-git-master\torcs-git-master\src\modules\graphic\ssggraph\debug\grmain.sbr
c:\users\samuel\documents\faculdademestrado\2ºano\tese\gitrepository\torcsbot\torcs-git-master\torcs-git-master\src\modules\graphic\ssggraph\debug\grmultitexstate.sbr
c:\users\samuel\documents\faculdademestrado\2ºano\tese\gitrepository\torcsbot\torcs-git-master\torcs-git-master\src\modules\graphic\ssggraph\debug\grscene.sbr
c:\users\samuel\documents\faculdademestrado\2ºano\tese\gitrepository\torcsbot\torcs-git-master\torcs-git-master\src\modules\graphic\ssggraph\debug\grscreen.sbr
c:\users\samuel\documents\faculdademestrado\2ºano\tese\gitrepository\torcsbot\torcs-git-master\torcs-git-master\src\modules\graphic\ssggraph\debug\grshadow.sbr
c:\users\samuel\documents\faculdademestrado\2ºano\tese\gitrepository\torcsbot\torcs-git-master\torcs-git-master\src\modules\graphic\ssggraph\debug\grskidmarks.sbr
c:\users\samuel\documents\faculdademestrado\2ºano\tese\gitrepository\torcsbot\torcs-git-master\torcs-git-master\src\modules\graphic\ssggraph\debug\grsmoke.sbr
c:\users\samuel\documents\faculdademestrado\2ºano\tese\gitrepository\torcsbot\torcs-git-master\torcs-git-master\src\modules\graphic\ssggraph\debug\grsound.sbr
c:\users\samuel\documents\faculdademestrado\2ºano\tese\gitrepository\torcsbot\torcs-git-master\torcs-git-master\src\modules\graphic\ssggraph\debug\grtexture.sbr
c:\users\samuel\documents\faculdademestrado\2ºano\tese\gitrepository\torcsbot\torcs-git-master\torcs-git-master\src\modules\graphic\ssggraph\debug\grtrackmap.sbr
c:\users\samuel\documents\faculdademestrado\2ºano\tese\gitrepository\torcsbot\torcs-git-master\torcs-git-master\src\modules\graphic\ssggraph\debug\grutil.sbr
c:\users\samuel\documents\faculdademestrado\2ºano\tese\gitrepository\torcsbot\torcs-git-master\torcs-git-master\src\modules\graphic\ssggraph\debug\grvtxtable.sbr
c:\users\samuel\documents\faculdademestrado\2ºano\tese\gitrepository\torcsbot\torcs-git-master\torcs-git-master\src\modules\graphic\ssggraph\debug\openalsoundinterface.sbr
c:\users\samuel\documents\faculdademestrado\2ºano\tese\gitrepository\torcsbot\torcs-git-master\torcs-git-master\src\modules\graphic\ssggraph\debug\plibsoundinterface.sbr
c:\users\samuel\documents\faculdademestrado\2ºano\tese\gitrepository\torcsbot\torcs-git-master\torcs-git-master\src\modules\graphic\ssggraph\debug\plibsoundinterface.obj
c:\users\samuel\documents\faculdademestrado\2ºano\tese\gitrepository\torcsbot\torcs-git-master\torcs-git-master\src\modules\graphic\ssggraph\debug\openalsoundinterface.obj
c:\users\samuel\documents\faculdademestrado\2ºano\tese\gitrepository\torcsbot\torcs-git-master\torcs-git-master\src\modules\graphic\ssggraph\debug\grvtxtable.obj
c:\users\samuel\documents\faculdademestrado\2ºano\tese\gitrepository\torcsbot\torcs-git-master\torcs-git-master\src\modules\graphic\ssggraph\debug\grutil.obj
c:\users\samuel\documents\faculdademestrado\2ºano\tese\gitrepository\torcsbot\torcs-git-master\torcs-git-master\src\modules\graphic\ssggraph\debug\grtrackmap.obj
c:\users\samuel\documents\faculdademestrado\2ºano\tese\gitrepository\torcsbot\torcs-git-master\torcs-git-master\src\modules\graphic\ssggraph\debug\grtexture.obj
c:\users\samuel\documents\faculdademestrado\2ºano\tese\gitrepository\torcsbot\torcs-git-master\torcs-git-master\src\modules\graphic\ssggraph\debug\grsound.obj
c:\users\samuel\documents\faculdademestrado\2ºano\tese\gitrepository\torcsbot\torcs-git-master\torcs-git-master\src\modules\graphic\ssggraph\debug\grsmoke.obj
c:\users\samuel\documents\faculdademestrado\2ºano\tese\gitrepository\torcsbot\torcs-git-master\torcs-git-master\src\modules\graphic\ssggraph\debug\grskidmarks.obj
c:\users\samuel\documents\faculdademestrado\2ºano\tese\gitrepository\torcsbot\torcs-git-master\torcs-git-master\src\modules\graphic\ssggraph\debug\grshadow.obj
c:\users\samuel\documents\faculdademestrado\2ºano\tese\gitrepository\torcsbot\torcs-git-master\torcs-git-master\src\modules\graphic\ssggraph\debug\grscreen.obj
c:\users\samuel\documents\faculdademestrado\2ºano\tese\gitrepository\torcsbot\torcs-git-master\torcs-git-master\src\modules\graphic\ssggraph\debug\grscene.obj
c:\users\samuel\documents\faculdademestrado\2ºano\tese\gitrepository\torcsbot\torcs-git-master\torcs-git-master\src\modules\graphic\ssggraph\debug\grmultitexstate.obj
c:\users\samuel\documents\faculdademestrado\2ºano\tese\gitrepository\torcsbot\torcs-git-master\torcs-git-master\src\modules\graphic\ssggraph\debug\grmain.obj
c:\users\samuel\documents\faculdademestrado\2ºano\tese\gitrepository\torcsbot\torcs-git-master\torcs-git-master\src\modules\graphic\ssggraph\debug\grloadac.obj
c:\users\samuel\documents\faculdademestrado\2ºano\tese\gitrepository\torcsbot\torcs-git-master\torcs-git-master\src\modules\graphic\ssggraph\debug\grcarlight.obj
c:\users\samuel\documents\faculdademestrado\2ºano\tese\gitrepository\torcsbot\torcs-git-master\torcs-git-master\src\modules\graphic\ssggraph\debug\grcar.obj
c:\users\samuel\documents\faculdademestrado\2ºano\tese\gitrepository\torcsbot\torcs-git-master\torcs-git-master\src\modules\graphic\ssggraph\debug\grcam.obj
c:\users\samuel\documents\faculdademestrado\2ºano\tese\gitrepository\torcsbot\torcs-git-master\torcs-git-master\src\modules\graphic\ssggraph\debug\grboard.obj
c:\users\samuel\documents\faculdademestrado\2ºano\tese\gitrepository\torcsbot\torcs-git-master\torcs-git-master\src\modules\graphic\ssggraph\debug\carsounddata.obj
c:\users\samuel\documents\faculdademestrado\2ºano\tese\gitrepository\torcsbot\torcs-git-master\torcs-git-master\src\modules\graphic\ssggraph\debug\soundinterface.sbr
c:\users\samuel\documents\faculdademestrado\2ºano\tese\gitrepository\torcsbot\torcs-git-master\torcs-git-master\src\modules\graphic\ssggraph\debug\ssggraph.sbr
c:\users\samuel\documents\faculdademestrado\2ºano\tese\gitrepository\torcsbot\torcs-git-master\torcs-git-master\src\modules\graphic\ssggraph\debug\torcssound.sbr
c:\users\samuel\documents\faculdademestrado\2ºano\tese\gitrepository\torcsbot\torcs-git-master\torcs-git-master\src\modules\graphic\ssggraph\debug\torcssound.obj
c:\users\samuel\documents\faculdademestrado\2ºano\tese\gitrepository\torcsbot\torcs-git-master\torcs-git-master\src\modules\graphic\ssggraph\debug\ssggraph.obj
c:\users\samuel\documents\faculdademestrado\2ºano\tese\gitrepository\torcsbot\torcs-git-master\torcs-git-master\src\modules\graphic\ssggraph\debug\soundinterface.obj
c:\users\samuel\downloads\torcs-git-master\torcs-git-master\src\modules\graphic\ssggraph\debug\ssggraphlib.lib
c:\users\samuel\documents\faculdademestrado\2ºano\tese\gitrepository\torcsbot\torcs-git-master\torcs-git-master\src\modules\graphic\ssggraph\debug\ssggraphlib.lib
c:\users\samuel\documents\faculdademestrado\2ºano\tese\gitrepository\torcsbot\torcs-git-master\torcs-git-master\src\modules\graphic\ssggraph\.\debug\ssggraphlib.lib
c:\users\samuel\documents\faculdademestrado\2ºano\tese\gitrepository\torcsbot\torcs-git-master\torcs-git-master\src\modules\graphic\ssggraph\debug\ssggraphlib.tlog\bscmake.command.1.tlog
c:\users\samuel\documents\faculdademestrado\2ºano\tese\gitrepository\torcsbot\torcs-git-master\torcs-git-master\src\modules\graphic\ssggraph\debug\ssggraphlib.tlog\bscmake.read.1.tlog
c:\users\samuel\documents\faculdademestrado\2ºano\tese\gitrepository\torcsbot\torcs-git-master\torcs-git-master\src\modules\graphic\ssggraph\debug\ssggraphlib.tlog\bscmake.write.1.tlog
c:\users\samuel\documents\faculdademestrado\2ºano\tese\gitrepository\torcsbot\torcs-git-master\torcs-git-master\src\modules\graphic\ssggraph\debug\ssggraphlib.tlog\cl.command.1.tlog
c:\users\samuel\documents\faculdademestrado\2ºano\tese\gitrepository\torcsbot\torcs-git-master\torcs-git-master\src\modules\graphic\ssggraph\debug\ssggraphlib.tlog\cl.read.1.tlog
c:\users\samuel\documents\faculdademestrado\2ºano\tese\gitrepository\torcsbot\torcs-git-master\torcs-git-master\src\modules\graphic\ssggraph\debug\ssggraphlib.tlog\cl.write.1.tlog
c:\users\samuel\documents\faculdademestrado\2ºano\tese\gitrepository\torcsbot\torcs-git-master\torcs-git-master\src\modules\graphic\ssggraph\debug\ssggraphlib.tlog\lib-link.read.1.tlog
c:\users\samuel\documents\faculdademestrado\2ºano\tese\gitrepository\torcsbot\torcs-git-master\torcs-git-master\src\modules\graphic\ssggraph\debug\ssggraphlib.tlog\lib-link.write.1.tlog
c:\users\samuel\documents\faculdademestrado\2ºano\tese\gitrepository\torcsbot\torcs-git-master\torcs-git-master\src\modules\graphic\ssggraph\debug\ssggraphlib.tlog\lib.command.1.tlog
