Build started 26/10/2016 23:14:06.
     1>Project "C:\Users\Samuel\Downloads\torcs-git-master\torcs-git-master\src\drivers\damned\damned.vcxproj" on node 8 (Build target(s)).
     1>Link:
         C:\Program Files (x86)\Microsoft Visual Studio 12.0\VC\bin\link.exe /ERRORREPORT:PROMPT /OUT:".\Debug/damned.dll" /INCREMENTAL:NO /NOLOGO /LIBPATH:../../../export/libd /LIBPATH:../../windows/lib tgf.lib robottools.lib sg_vs2008_32.lib ul_vs2008_32.lib kernel32.lib user32.lib gdi32.lib winspool.lib comdlg32.lib advapi32.lib shell32.lib ole32.lib oleaut32.lib uuid.lib odbc32.lib odbccp32.lib /NODEFAULTLIB:LIBCMT /DEF:".\damned.def" /MANIFEST:NO /DEBUG /PDB:".\Debug/damned.pdb" /MAP:".\Debug/damned.map" /TLBID:1 /DYNAMICBASE:NO /IMPLIB:".\Debug/damned.lib" /MACHINE:X86 /SAFESEH:NO /DLL .\Debug/cardata.obj
         .\Debug/damned.obj
         .\Debug/driver.obj
         .\Debug/learn.obj
         .\Debug/opponent.obj
         .\Debug/pit.obj
         .\Debug/spline.obj
         .\Debug/strategy.obj
            Creating library .\Debug/damned.lib and object .\Debug/damned.exp
         damned.vcxproj -> C:\Users\Samuel\Downloads\torcs-git-master\torcs-git-master\src\drivers\damned\.\Debug\damned.dll
       PostBuildEvent:
         copy C:\Users\Samuel\Downloads\torcs-git-master\torcs-git-master\src\drivers\damned\Debug\*.dll C:\Users\Samuel\Downloads\torcs-git-master\torcs-git-master\runtimed\drivers\damned
         :VCEnd
         C:\Users\Samuel\Downloads\torcs-git-master\torcs-git-master\src\drivers\damned\Debug\damned.dll
                 1 file(s) copied.
     1>Done Building Project "C:\Users\Samuel\Downloads\torcs-git-master\torcs-git-master\src\drivers\damned\damned.vcxproj" (Build target(s)).

Build succeeded.

Time Elapsed 00:00:05.10
