Build started 11/11/2016 15:42:12.
     1>Project "C:\Users\Samuel\Documents\faculdadeMestrado\2ºano\Tese\GitRepository\TORCSBot\torcs-git-master\torcs-git-master\src\tools\accc\accc.vcxproj" on node 6 (Rebuild target(s)).
     1>ClCompile:
         C:\Program Files (x86)\Microsoft Visual Studio 12.0\VC\bin\CL.exe /c /I../../../export/include /I../../.. /Zi /nologo /W2 /WX- /Od /Oy- /D WIN32 /D _DEBUG /D _CONSOLE /D DEBUG /D DEBUG_OUT /D _VC80_UPGRADE=0x0600 /D _MBCS /Gm- /EHsc /RTC1 /MTd /GS /fp:precise /Zc:wchar_t /Zc:forScope /Fo".\Debug/" /Fd".\Debug/vc120.pdb" /FR".\Debug\\" /Gd /TP /analyze- /errorReport:prompt ac3dgroup.cpp ac3dload.cpp mainaccc.cpp
         ac3dgroup.cpp
         ac3dload.cpp
         mainaccc.cpp
         Generating Code...
       Link:
         C:\Program Files (x86)\Microsoft Visual Studio 12.0\VC\bin\link.exe /ERRORREPORT:PROMPT /OUT:".\Debug/accc.exe" /INCREMENTAL:NO /NOLOGO kernel32.lib user32.lib gdi32.lib winspool.lib comdlg32.lib advapi32.lib shell32.lib ole32.lib oleaut32.lib uuid.lib odbc32.lib odbccp32.lib /NODEFAULTLIB:LIBCMT /MANIFEST:NO /DEBUG /PDB:".\Debug/accc.pdb" /MAP:".\Debug/accc.map" /SUBSYSTEM:CONSOLE /TLBID:1 /DYNAMICBASE:NO /IMPLIB:".\Debug\accc.lib" /MACHINE:X86 /SAFESEH:NO .\Debug/ac3dgroup.obj
         .\Debug/ac3dload.obj
         .\Debug/mainaccc.obj
         accc.vcxproj -> C:\Users\Samuel\Documents\faculdadeMestrado\2ºano\Tese\GitRepository\TORCSBot\torcs-git-master\torcs-git-master\src\tools\accc\.\Debug\accc.exe
       BscMake:
         C:\Program Files (x86)\Microsoft Visual Studio 12.0\VC\bin\bscmake.exe /nologo /o".\Debug/accc.bsc" .\Debug\ac3dgroup.sbr .\Debug\ac3dload.sbr .\Debug\mainaccc.sbr
       PostBuildEvent:
         copy C:\Users\Samuel\Documents\faculdadeMestrado\2ºano\Tese\GitRepository\TORCSBot\torcs-git-master\torcs-git-master\src\tools\accc\Debug\accc.exe C:\Users\Samuel\Documents\faculdadeMestrado\2ºano\Tese\GitRepository\TORCSBot\torcs-git-master\torcs-git-master\runtimed
         :VCEnd
                 1 file(s) copied.
     1>Done Building Project "C:\Users\Samuel\Documents\faculdadeMestrado\2ºano\Tese\GitRepository\TORCSBot\torcs-git-master\torcs-git-master\src\tools\accc\accc.vcxproj" (Rebuild target(s)).

Build succeeded.

Time Elapsed 00:00:05.82
