c:\users\samuel\downloads\torcs-git-master\torcs-git-master\src\windows\debug\wtorcs.bsc
c:\users\samuel\downloads\torcs-git-master\torcs-git-master\src\windows\debug\vc120.pdb
c:\users\samuel\downloads\torcs-git-master\torcs-git-master\src\windows\debug\main.sbr
c:\users\samuel\downloads\torcs-git-master\torcs-git-master\src\windows\debug\windowsspec.sbr
c:\users\samuel\downloads\torcs-git-master\torcs-git-master\src\windows\debug\windowsspec.obj
c:\users\samuel\downloads\torcs-git-master\torcs-git-master\src\windows\debug\main.obj
c:\users\samuel\downloads\torcs-git-master\torcs-git-master\src\windows\debug\wtorcs.exe
c:\users\samuel\downloads\torcs-git-master\torcs-git-master\src\windows\debug\wtorcs.map
c:\users\samuel\downloads\torcs-git-master\torcs-git-master\src\windows\debug\wtorcs.pdb
c:\users\samuel\downloads\torcs-git-master\torcs-git-master\src\windows\debug\torcs.res
c:\users\samuel\downloads\torcs-git-master\torcs-git-master\src\windows\.\debug\wtorcs.exe
c:\users\samuel\downloads\torcs-git-master\torcs-git-master\src\windows\debug\wtorcs.tlog\bscmake.command.1.tlog
c:\users\samuel\downloads\torcs-git-master\torcs-git-master\src\windows\debug\wtorcs.tlog\bscmake.read.1.tlog
c:\users\samuel\downloads\torcs-git-master\torcs-git-master\src\windows\debug\wtorcs.tlog\bscmake.write.1.tlog
c:\users\samuel\downloads\torcs-git-master\torcs-git-master\src\windows\debug\wtorcs.tlog\cl.command.1.tlog
c:\users\samuel\downloads\torcs-git-master\torcs-git-master\src\windows\debug\wtorcs.tlog\cl.read.1.tlog
c:\users\samuel\downloads\torcs-git-master\torcs-git-master\src\windows\debug\wtorcs.tlog\cl.write.1.tlog
c:\users\samuel\downloads\torcs-git-master\torcs-git-master\src\windows\debug\wtorcs.tlog\link.command.1.tlog
c:\users\samuel\downloads\torcs-git-master\torcs-git-master\src\windows\debug\wtorcs.tlog\link.read.1.tlog
c:\users\samuel\downloads\torcs-git-master\torcs-git-master\src\windows\debug\wtorcs.tlog\link.write.1.tlog
c:\users\samuel\downloads\torcs-git-master\torcs-git-master\src\windows\debug\wtorcs.tlog\rc.command.1.tlog
c:\users\samuel\downloads\torcs-git-master\torcs-git-master\src\windows\debug\wtorcs.tlog\rc.read.1.tlog
c:\users\samuel\downloads\torcs-git-master\torcs-git-master\src\windows\debug\wtorcs.tlog\rc.write.1.tlog
