c:\users\samuel\documents\faculdademestrado\2ºano\tese\gitrepository\torcsbot\torcs-git-master\torcs-git-master\src\modules\graphic\ssggraph\release\vc120.pdb
c:\users\samuel\documents\faculdademestrado\2ºano\tese\gitrepository\torcsbot\torcs-git-master\torcs-git-master\src\modules\graphic\ssggraph\release\plibsoundinterface.obj
c:\users\samuel\documents\faculdademestrado\2ºano\tese\gitrepository\torcsbot\torcs-git-master\torcs-git-master\src\modules\graphic\ssggraph\release\openalsoundinterface.obj
c:\users\samuel\documents\faculdademestrado\2ºano\tese\gitrepository\torcsbot\torcs-git-master\torcs-git-master\src\modules\graphic\ssggraph\release\grvtxtable.obj
c:\users\samuel\documents\faculdademestrado\2ºano\tese\gitrepository\torcsbot\torcs-git-master\torcs-git-master\src\modules\graphic\ssggraph\release\grutil.obj
c:\users\samuel\documents\faculdademestrado\2ºano\tese\gitrepository\torcsbot\torcs-git-master\torcs-git-master\src\modules\graphic\ssggraph\release\grtrackmap.obj
c:\users\samuel\documents\faculdademestrado\2ºano\tese\gitrepository\torcsbot\torcs-git-master\torcs-git-master\src\modules\graphic\ssggraph\release\grtexture.obj
c:\users\samuel\documents\faculdademestrado\2ºano\tese\gitrepository\torcsbot\torcs-git-master\torcs-git-master\src\modules\graphic\ssggraph\release\grsound.obj
c:\users\samuel\documents\faculdademestrado\2ºano\tese\gitrepository\torcsbot\torcs-git-master\torcs-git-master\src\modules\graphic\ssggraph\release\grsmoke.obj
c:\users\samuel\documents\faculdademestrado\2ºano\tese\gitrepository\torcsbot\torcs-git-master\torcs-git-master\src\modules\graphic\ssggraph\release\grskidmarks.obj
c:\users\samuel\documents\faculdademestrado\2ºano\tese\gitrepository\torcsbot\torcs-git-master\torcs-git-master\src\modules\graphic\ssggraph\release\grshadow.obj
c:\users\samuel\documents\faculdademestrado\2ºano\tese\gitrepository\torcsbot\torcs-git-master\torcs-git-master\src\modules\graphic\ssggraph\release\grscreen.obj
c:\users\samuel\documents\faculdademestrado\2ºano\tese\gitrepository\torcsbot\torcs-git-master\torcs-git-master\src\modules\graphic\ssggraph\release\grscene.obj
c:\users\samuel\documents\faculdademestrado\2ºano\tese\gitrepository\torcsbot\torcs-git-master\torcs-git-master\src\modules\graphic\ssggraph\release\grmultitexstate.obj
c:\users\samuel\documents\faculdademestrado\2ºano\tese\gitrepository\torcsbot\torcs-git-master\torcs-git-master\src\modules\graphic\ssggraph\release\grmain.obj
c:\users\samuel\documents\faculdademestrado\2ºano\tese\gitrepository\torcsbot\torcs-git-master\torcs-git-master\src\modules\graphic\ssggraph\release\grloadac.obj
c:\users\samuel\documents\faculdademestrado\2ºano\tese\gitrepository\torcsbot\torcs-git-master\torcs-git-master\src\modules\graphic\ssggraph\release\grcarlight.obj
c:\users\samuel\documents\faculdademestrado\2ºano\tese\gitrepository\torcsbot\torcs-git-master\torcs-git-master\src\modules\graphic\ssggraph\release\grcar.obj
c:\users\samuel\documents\faculdademestrado\2ºano\tese\gitrepository\torcsbot\torcs-git-master\torcs-git-master\src\modules\graphic\ssggraph\release\grcam.obj
c:\users\samuel\documents\faculdademestrado\2ºano\tese\gitrepository\torcsbot\torcs-git-master\torcs-git-master\src\modules\graphic\ssggraph\release\grboard.obj
c:\users\samuel\documents\faculdademestrado\2ºano\tese\gitrepository\torcsbot\torcs-git-master\torcs-git-master\src\modules\graphic\ssggraph\release\carsounddata.obj
c:\users\samuel\documents\faculdademestrado\2ºano\tese\gitrepository\torcsbot\torcs-git-master\torcs-git-master\src\modules\graphic\ssggraph\release\torcssound.obj
c:\users\samuel\documents\faculdademestrado\2ºano\tese\gitrepository\torcsbot\torcs-git-master\torcs-git-master\src\modules\graphic\ssggraph\release\ssggraph.obj
c:\users\samuel\documents\faculdademestrado\2ºano\tese\gitrepository\torcsbot\torcs-git-master\torcs-git-master\src\modules\graphic\ssggraph\release\soundinterface.obj
c:\users\samuel\documents\faculdademestrado\2ºano\tese\gitrepository\torcsbot\torcs-git-master\torcs-git-master\src\modules\graphic\ssggraph\release\ssggraphlib.lib
c:\users\samuel\documents\faculdademestrado\2ºano\tese\gitrepository\torcsbot\torcs-git-master\torcs-git-master\src\modules\graphic\ssggraph\.\release\ssggraphlib.lib
c:\users\samuel\documents\faculdademestrado\2ºano\tese\gitrepository\torcsbot\torcs-git-master\torcs-git-master\src\modules\graphic\ssggraph\release\ssggraphlib.tlog\cl.command.1.tlog
c:\users\samuel\documents\faculdademestrado\2ºano\tese\gitrepository\torcsbot\torcs-git-master\torcs-git-master\src\modules\graphic\ssggraph\release\ssggraphlib.tlog\cl.read.1.tlog
c:\users\samuel\documents\faculdademestrado\2ºano\tese\gitrepository\torcsbot\torcs-git-master\torcs-git-master\src\modules\graphic\ssggraph\release\ssggraphlib.tlog\cl.write.1.tlog
c:\users\samuel\documents\faculdademestrado\2ºano\tese\gitrepository\torcsbot\torcs-git-master\torcs-git-master\src\modules\graphic\ssggraph\release\ssggraphlib.tlog\lib-link.read.1.tlog
c:\users\samuel\documents\faculdademestrado\2ºano\tese\gitrepository\torcsbot\torcs-git-master\torcs-git-master\src\modules\graphic\ssggraph\release\ssggraphlib.tlog\lib-link.write.1.tlog
c:\users\samuel\documents\faculdademestrado\2ºano\tese\gitrepository\torcsbot\torcs-git-master\torcs-git-master\src\modules\graphic\ssggraph\release\ssggraphlib.tlog\lib.command.1.tlog
