c:\users\samuel\documents\faculdademestrado\2ºano\tese\gitrepository\torcsbot\torcs-git-master\torcs-git-master\src\drivers\berniw2\debug\berniw2.lib
c:\users\samuel\documents\faculdademestrado\2ºano\tese\gitrepository\torcsbot\torcs-git-master\torcs-git-master\src\drivers\berniw2\debug\berniw2.exp
c:\users\samuel\documents\faculdademestrado\2ºano\tese\gitrepository\torcsbot\torcs-git-master\torcs-git-master\src\drivers\berniw2\debug\berniw2.bsc
c:\users\samuel\documents\faculdademestrado\2ºano\tese\gitrepository\torcsbot\torcs-git-master\torcs-git-master\src\drivers\berniw2\debug\vc120.pdb
c:\users\samuel\documents\faculdademestrado\2ºano\tese\gitrepository\torcsbot\torcs-git-master\torcs-git-master\src\drivers\berniw2\debug\berniw2.sbr
c:\users\samuel\documents\faculdademestrado\2ºano\tese\gitrepository\torcsbot\torcs-git-master\torcs-git-master\src\drivers\berniw2\debug\mycar.sbr
c:\users\samuel\documents\faculdademestrado\2ºano\tese\gitrepository\torcsbot\torcs-git-master\torcs-git-master\src\drivers\berniw2\debug\pathfinder.sbr
c:\users\samuel\documents\faculdademestrado\2ºano\tese\gitrepository\torcsbot\torcs-git-master\torcs-git-master\src\drivers\berniw2\debug\spline.sbr
c:\users\samuel\documents\faculdademestrado\2ºano\tese\gitrepository\torcsbot\torcs-git-master\torcs-git-master\src\drivers\berniw2\debug\trackdesc.sbr
c:\users\samuel\documents\faculdademestrado\2ºano\tese\gitrepository\torcsbot\torcs-git-master\torcs-git-master\src\drivers\berniw2\debug\trackdesc.obj
c:\users\samuel\documents\faculdademestrado\2ºano\tese\gitrepository\torcsbot\torcs-git-master\torcs-git-master\src\drivers\berniw2\debug\spline.obj
c:\users\samuel\documents\faculdademestrado\2ºano\tese\gitrepository\torcsbot\torcs-git-master\torcs-git-master\src\drivers\berniw2\debug\pathfinder.obj
c:\users\samuel\documents\faculdademestrado\2ºano\tese\gitrepository\torcsbot\torcs-git-master\torcs-git-master\src\drivers\berniw2\debug\mycar.obj
c:\users\samuel\documents\faculdademestrado\2ºano\tese\gitrepository\torcsbot\torcs-git-master\torcs-git-master\src\drivers\berniw2\debug\berniw2.obj
c:\users\samuel\documents\faculdademestrado\2ºano\tese\gitrepository\torcsbot\torcs-git-master\torcs-git-master\src\drivers\berniw2\debug\berniw2.dll
c:\users\samuel\documents\faculdademestrado\2ºano\tese\gitrepository\torcsbot\torcs-git-master\torcs-git-master\src\drivers\berniw2\debug\berniw2.map
c:\users\samuel\documents\faculdademestrado\2ºano\tese\gitrepository\torcsbot\torcs-git-master\torcs-git-master\src\drivers\berniw2\debug\berniw2.pdb
c:\users\samuel\documents\faculdademestrado\2ºano\tese\gitrepository\torcsbot\torcs-git-master\torcs-git-master\src\drivers\berniw2\.\debug\berniw2.dll
c:\users\samuel\documents\faculdademestrado\2ºano\tese\gitrepository\torcsbot\torcs-git-master\torcs-git-master\src\drivers\berniw2\debug\berniw2.tlog\berniw2.write.1u.tlog
c:\users\samuel\documents\faculdademestrado\2ºano\tese\gitrepository\torcsbot\torcs-git-master\torcs-git-master\src\drivers\berniw2\debug\berniw2.tlog\bscmake.command.1.tlog
c:\users\samuel\documents\faculdademestrado\2ºano\tese\gitrepository\torcsbot\torcs-git-master\torcs-git-master\src\drivers\berniw2\debug\berniw2.tlog\bscmake.read.1.tlog
c:\users\samuel\documents\faculdademestrado\2ºano\tese\gitrepository\torcsbot\torcs-git-master\torcs-git-master\src\drivers\berniw2\debug\berniw2.tlog\bscmake.write.1.tlog
c:\users\samuel\documents\faculdademestrado\2ºano\tese\gitrepository\torcsbot\torcs-git-master\torcs-git-master\src\drivers\berniw2\debug\berniw2.tlog\cl.command.1.tlog
c:\users\samuel\documents\faculdademestrado\2ºano\tese\gitrepository\torcsbot\torcs-git-master\torcs-git-master\src\drivers\berniw2\debug\berniw2.tlog\cl.read.1.tlog
c:\users\samuel\documents\faculdademestrado\2ºano\tese\gitrepository\torcsbot\torcs-git-master\torcs-git-master\src\drivers\berniw2\debug\berniw2.tlog\cl.write.1.tlog
c:\users\samuel\documents\faculdademestrado\2ºano\tese\gitrepository\torcsbot\torcs-git-master\torcs-git-master\src\drivers\berniw2\debug\berniw2.tlog\link.command.1.tlog
c:\users\samuel\documents\faculdademestrado\2ºano\tese\gitrepository\torcsbot\torcs-git-master\torcs-git-master\src\drivers\berniw2\debug\berniw2.tlog\link.read.1.tlog
c:\users\samuel\documents\faculdademestrado\2ºano\tese\gitrepository\torcsbot\torcs-git-master\torcs-git-master\src\drivers\berniw2\debug\berniw2.tlog\link.write.1.tlog
