c:\users\samuel\documents\faculdademestrado\2ºano\tese\gitrepository\torcsbot\torcs-git-master\torcs-git-master\src\drivers\olethros\debug\olethros.bsc
c:\users\samuel\downloads\torcs-git-master\torcs-git-master\src\drivers\olethros\debug\vc120.pdb
c:\users\samuel\downloads\torcs-git-master\torcs-git-master\src\drivers\olethros\debug\mathfunctions.sbr
c:\users\samuel\downloads\torcs-git-master\torcs-git-master\src\drivers\olethros\debug\cardata.sbr
c:\users\samuel\downloads\torcs-git-master\torcs-git-master\src\drivers\olethros\debug\driver.sbr
c:\users\samuel\downloads\torcs-git-master\torcs-git-master\src\drivers\olethros\debug\geometry.sbr
c:\users\samuel\downloads\torcs-git-master\torcs-git-master\src\drivers\olethros\debug\learn.sbr
c:\users\samuel\downloads\torcs-git-master\torcs-git-master\src\drivers\olethros\debug\olethros.sbr
c:\users\samuel\downloads\torcs-git-master\torcs-git-master\src\drivers\olethros\debug\opponent.sbr
c:\users\samuel\downloads\torcs-git-master\torcs-git-master\src\drivers\olethros\debug\pit.sbr
c:\users\samuel\downloads\torcs-git-master\torcs-git-master\src\drivers\olethros\debug\spline.sbr
c:\users\samuel\downloads\torcs-git-master\torcs-git-master\src\drivers\olethros\debug\strategy.sbr
c:\users\samuel\downloads\torcs-git-master\torcs-git-master\src\drivers\olethros\debug\trackdata.sbr
c:\users\samuel\downloads\torcs-git-master\torcs-git-master\src\drivers\olethros\debug\trajectory.sbr
c:\users\samuel\downloads\torcs-git-master\torcs-git-master\src\drivers\olethros\debug\trajectory.obj
c:\users\samuel\downloads\torcs-git-master\torcs-git-master\src\drivers\olethros\debug\trackdata.obj
c:\users\samuel\downloads\torcs-git-master\torcs-git-master\src\drivers\olethros\debug\strategy.obj
c:\users\samuel\downloads\torcs-git-master\torcs-git-master\src\drivers\olethros\debug\spline.obj
c:\users\samuel\downloads\torcs-git-master\torcs-git-master\src\drivers\olethros\debug\pit.obj
c:\users\samuel\downloads\torcs-git-master\torcs-git-master\src\drivers\olethros\debug\opponent.obj
c:\users\samuel\downloads\torcs-git-master\torcs-git-master\src\drivers\olethros\debug\olethros.obj
c:\users\samuel\downloads\torcs-git-master\torcs-git-master\src\drivers\olethros\debug\learn.obj
c:\users\samuel\downloads\torcs-git-master\torcs-git-master\src\drivers\olethros\debug\geometry.obj
c:\users\samuel\downloads\torcs-git-master\torcs-git-master\src\drivers\olethros\debug\driver.obj
c:\users\samuel\downloads\torcs-git-master\torcs-git-master\src\drivers\olethros\debug\cardata.obj
c:\users\samuel\downloads\torcs-git-master\torcs-git-master\src\drivers\olethros\debug\mathfunctions.obj
c:\users\samuel\documents\faculdademestrado\2ºano\tese\gitrepository\torcsbot\torcs-git-master\torcs-git-master\src\drivers\olethros\debug\vc120.pdb
c:\users\samuel\documents\faculdademestrado\2ºano\tese\gitrepository\torcsbot\torcs-git-master\torcs-git-master\src\drivers\olethros\debug\mathfunctions.sbr
c:\users\samuel\documents\faculdademestrado\2ºano\tese\gitrepository\torcsbot\torcs-git-master\torcs-git-master\src\drivers\olethros\debug\cardata.sbr
c:\users\samuel\documents\faculdademestrado\2ºano\tese\gitrepository\torcsbot\torcs-git-master\torcs-git-master\src\drivers\olethros\debug\driver.sbr
c:\users\samuel\documents\faculdademestrado\2ºano\tese\gitrepository\torcsbot\torcs-git-master\torcs-git-master\src\drivers\olethros\debug\geometry.sbr
c:\users\samuel\documents\faculdademestrado\2ºano\tese\gitrepository\torcsbot\torcs-git-master\torcs-git-master\src\drivers\olethros\debug\learn.sbr
c:\users\samuel\documents\faculdademestrado\2ºano\tese\gitrepository\torcsbot\torcs-git-master\torcs-git-master\src\drivers\olethros\debug\olethros.sbr
c:\users\samuel\documents\faculdademestrado\2ºano\tese\gitrepository\torcsbot\torcs-git-master\torcs-git-master\src\drivers\olethros\debug\opponent.sbr
c:\users\samuel\documents\faculdademestrado\2ºano\tese\gitrepository\torcsbot\torcs-git-master\torcs-git-master\src\drivers\olethros\debug\pit.sbr
c:\users\samuel\documents\faculdademestrado\2ºano\tese\gitrepository\torcsbot\torcs-git-master\torcs-git-master\src\drivers\olethros\debug\spline.sbr
c:\users\samuel\documents\faculdademestrado\2ºano\tese\gitrepository\torcsbot\torcs-git-master\torcs-git-master\src\drivers\olethros\debug\strategy.sbr
c:\users\samuel\documents\faculdademestrado\2ºano\tese\gitrepository\torcsbot\torcs-git-master\torcs-git-master\src\drivers\olethros\debug\trackdata.sbr
c:\users\samuel\documents\faculdademestrado\2ºano\tese\gitrepository\torcsbot\torcs-git-master\torcs-git-master\src\drivers\olethros\debug\trajectory.sbr
c:\users\samuel\documents\faculdademestrado\2ºano\tese\gitrepository\torcsbot\torcs-git-master\torcs-git-master\src\drivers\olethros\debug\trajectory.obj
c:\users\samuel\documents\faculdademestrado\2ºano\tese\gitrepository\torcsbot\torcs-git-master\torcs-git-master\src\drivers\olethros\debug\trackdata.obj
c:\users\samuel\documents\faculdademestrado\2ºano\tese\gitrepository\torcsbot\torcs-git-master\torcs-git-master\src\drivers\olethros\debug\strategy.obj
c:\users\samuel\documents\faculdademestrado\2ºano\tese\gitrepository\torcsbot\torcs-git-master\torcs-git-master\src\drivers\olethros\debug\spline.obj
c:\users\samuel\documents\faculdademestrado\2ºano\tese\gitrepository\torcsbot\torcs-git-master\torcs-git-master\src\drivers\olethros\debug\pit.obj
c:\users\samuel\documents\faculdademestrado\2ºano\tese\gitrepository\torcsbot\torcs-git-master\torcs-git-master\src\drivers\olethros\debug\opponent.obj
c:\users\samuel\documents\faculdademestrado\2ºano\tese\gitrepository\torcsbot\torcs-git-master\torcs-git-master\src\drivers\olethros\debug\olethros.obj
c:\users\samuel\documents\faculdademestrado\2ºano\tese\gitrepository\torcsbot\torcs-git-master\torcs-git-master\src\drivers\olethros\debug\learn.obj
c:\users\samuel\documents\faculdademestrado\2ºano\tese\gitrepository\torcsbot\torcs-git-master\torcs-git-master\src\drivers\olethros\debug\geometry.obj
c:\users\samuel\documents\faculdademestrado\2ºano\tese\gitrepository\torcsbot\torcs-git-master\torcs-git-master\src\drivers\olethros\debug\driver.obj
c:\users\samuel\documents\faculdademestrado\2ºano\tese\gitrepository\torcsbot\torcs-git-master\torcs-git-master\src\drivers\olethros\debug\cardata.obj
c:\users\samuel\documents\faculdademestrado\2ºano\tese\gitrepository\torcsbot\torcs-git-master\torcs-git-master\src\drivers\olethros\debug\mathfunctions.obj
c:\users\samuel\documents\faculdademestrado\2ºano\tese\gitrepository\torcsbot\torcs-git-master\torcs-git-master\src\drivers\olethros\debug\olethros.dll
c:\users\samuel\documents\faculdademestrado\2ºano\tese\gitrepository\torcsbot\torcs-git-master\torcs-git-master\src\drivers\olethros\debug\olethros.map
c:\users\samuel\documents\faculdademestrado\2ºano\tese\gitrepository\torcsbot\torcs-git-master\torcs-git-master\src\drivers\olethros\debug\olethros.pdb
c:\users\samuel\documents\faculdademestrado\2ºano\tese\gitrepository\torcsbot\torcs-git-master\torcs-git-master\src\drivers\olethros\debug\olethros.lib
c:\users\samuel\documents\faculdademestrado\2ºano\tese\gitrepository\torcsbot\torcs-git-master\torcs-git-master\src\drivers\olethros\debug\olethros.exp
c:\users\samuel\documents\faculdademestrado\2ºano\tese\gitrepository\torcsbot\torcs-git-master\torcs-git-master\src\drivers\olethros\.\debug\olethros.dll
c:\users\samuel\documents\faculdademestrado\2ºano\tese\gitrepository\torcsbot\torcs-git-master\torcs-git-master\src\drivers\olethros\debug\olethros.tlog\bscmake.command.1.tlog
c:\users\samuel\documents\faculdademestrado\2ºano\tese\gitrepository\torcsbot\torcs-git-master\torcs-git-master\src\drivers\olethros\debug\olethros.tlog\bscmake.read.1.tlog
c:\users\samuel\documents\faculdademestrado\2ºano\tese\gitrepository\torcsbot\torcs-git-master\torcs-git-master\src\drivers\olethros\debug\olethros.tlog\bscmake.write.1.tlog
c:\users\samuel\documents\faculdademestrado\2ºano\tese\gitrepository\torcsbot\torcs-git-master\torcs-git-master\src\drivers\olethros\debug\olethros.tlog\cl.command.1.tlog
c:\users\samuel\documents\faculdademestrado\2ºano\tese\gitrepository\torcsbot\torcs-git-master\torcs-git-master\src\drivers\olethros\debug\olethros.tlog\cl.read.1.tlog
c:\users\samuel\documents\faculdademestrado\2ºano\tese\gitrepository\torcsbot\torcs-git-master\torcs-git-master\src\drivers\olethros\debug\olethros.tlog\cl.write.1.tlog
c:\users\samuel\documents\faculdademestrado\2ºano\tese\gitrepository\torcsbot\torcs-git-master\torcs-git-master\src\drivers\olethros\debug\olethros.tlog\link.command.1.tlog
c:\users\samuel\documents\faculdademestrado\2ºano\tese\gitrepository\torcsbot\torcs-git-master\torcs-git-master\src\drivers\olethros\debug\olethros.tlog\link.read.1.tlog
c:\users\samuel\documents\faculdademestrado\2ºano\tese\gitrepository\torcsbot\torcs-git-master\torcs-git-master\src\drivers\olethros\debug\olethros.tlog\link.write.1.tlog
c:\users\samuel\documents\faculdademestrado\2ºano\tese\gitrepository\torcsbot\torcs-git-master\torcs-git-master\src\drivers\olethros\debug\olethros.tlog\olethros.write.1u.tlog
